0.5265 	WARNING 	We strongly recommend you activate the PTB sound engine in PsychoPy prefs as the preferred audio engine. Its timing is vastly superior. Your prefs are currently set to use ['sounddevice', 'pyo', 'pygame'] (in that order).
6.5710 	INFO 	Loaded monitor calibration from ['2019_04_18 11:35']
7.4642 	EXP 	Created window1 = Window(allowGUI=False, allowStencil=False, autoLog=True, backendConf=UNKNOWN, bitsMode=UNKNOWN, blendMode='avg', bpc=(8, 8, 8), color=array([1, 1, 1]), colorSpace='rgb', depthBits=8, fullscr=<method-wrapper '__getattribute__' of attributeSetter object at 0x7fef9c7b6b38>, gamma=None, gammaErrorPolicy='raise', lms=UNKNOWN, monitor=<psychopy.monitors.calibTools.Monitor object at 0x7fef9c343a90>, multiSample=False, name='window1', numSamples=2, pos=[360.0, 225.0], screen=0, size=array([2880, 1800]), stencilBits=0, stereo=False, units='norm', useFBO=True, useRetina=True, viewOri=0.0, viewPos=None, viewScale=None, waitBlanking=True, winType='pyglet')
7.4644 	EXP 	window1: mouseVisible = True
7.4644 	EXP 	window1: recordFrameIntervals = False
7.6309 	EXP 	window1: recordFrameIntervals = True
7.8143 	DEBUG 	Screen (0) actual frame rate measured at 60.15
7.8143 	EXP 	window1: recordFrameIntervals = False
8.6908 	EXP 	Created ins = TextStim(__class__=<class 'psychopy.visual.text.TextStim'>, alignHoriz=method-wrapper(...), alignText='center', alignVert=method-wrapper(...), anchorHoriz='center', anchorVert='center', antialias=True, autoLog=True, bold=False, color=array([-1, -1, -1]), colorSpace='rgb', contrast=1.0, depth=-1.0, flipHoriz=False, flipVert=False, font='Open Sans', fontFiles=[], height=0.1, italic=False, languageStyle='LTR', name='ins', opacity=1, ori=0.0, pos=array([0., 0.]), rgb=UNKNOWN, text=str(...), units='norm', win=Window(...), wrapWidth=0.9)
8.6974 	EXP 	Created con1 = TextStim(__class__=<class 'psychopy.visual.text.TextStim'>, alignHoriz=method-wrapper(...), alignText='center', alignVert=method-wrapper(...), anchorHoriz='center', anchorVert='center', antialias=True, autoLog=True, bold=False, color=array([-1, -1, -1]), colorSpace='rgb', contrast=1.0, depth=-2.0, flipHoriz=False, flipVert=False, font='Open Sans', fontFiles=[], height=0.1, italic=False, languageStyle='LTR', name='con1', opacity=1, ori=0.0, pos=array([ 0. , -0.7]), rgb=UNKNOWN, text='Press the spacebar to continue.', units='norm', win=Window(...), wrapWidth=1)
8.7130 	EXP 	Created text = TextStim(__class__=<class 'psychopy.visual.text.TextStim'>, alignHoriz=method-wrapper(...), alignText='center', alignVert=method-wrapper(...), anchorHoriz='center', anchorVert='center', antialias=True, autoLog=True, bold=False, color=array([-1, -1, -1]), colorSpace='rgb', contrast=1.0, depth=0.0, flipHoriz=False, flipVert=False, font='Open Sans', fontFiles=[], height=0.1, italic=False, languageStyle='LTR', name='text', opacity=1, ori=0.0, pos=array([0., 0.]), rgb=UNKNOWN, text=str(...), units='norm', win=Window(...), wrapWidth=1.5)
9.1207 	EXP 	Created text_3 = TextStim(__class__=<class 'psychopy.visual.text.TextStim'>, alignHoriz=method-wrapper(...), alignText='center', alignVert=method-wrapper(...), anchorHoriz='center', anchorVert='center', antialias=True, autoLog=True, bold=False, color=array([-1, -1, -1]), colorSpace='rgb', contrast=1.0, depth=0.0, flipHoriz=False, flipVert=False, font='Open Sans', fontFiles=[], height=0.1, italic=False, languageStyle='LTR', name='text_3', opacity=1, ori=0.0, pos=array([0., 0.]), rgb=UNKNOWN, text=str(...), units='norm', win=Window(...), wrapWidth=1.2)
9.5092 	EXP 	Created text_2 = TextStim(__class__=<class 'psychopy.visual.text.TextStim'>, alignHoriz=method-wrapper(...), alignText='center', alignVert=method-wrapper(...), anchorHoriz='center', anchorVert='center', antialias=True, autoLog=True, bold=False, color=array([-1, -1, -1]), colorSpace='rgb', contrast=1.0, depth=0.0, flipHoriz=False, flipVert=False, font='Open Sans', fontFiles=[], height=0.1, italic=False, languageStyle='LTR', name='text_2', opacity=1, ori=0.0, pos=array([0., 0.]), rgb=UNKNOWN, text=str(...), units='norm', win=Window(...), wrapWidth=1)
9.9530 	DEBUG 	TextBox2 loaded 1 chars with 0 blanks and 1 valid
9.9537 	DEBUG 	TextBox2 loaded 1 chars with 0 blanks and 1 valid
9.9546 	DEBUG 	TextBox2 loaded 1 chars with 0 blanks and 1 valid
9.9552 	DEBUG 	TextBox2 loaded 1 chars with 0 blanks and 1 valid
9.9561 	DEBUG 	TextBox2 loaded 1 chars with 0 blanks and 1 valid
9.9568 	DEBUG 	TextBox2 loaded 1 chars with 0 blanks and 1 valid
9.9575 	DEBUG 	TextBox2 loaded 1 chars with 0 blanks and 1 valid
9.9581 	DEBUG 	TextBox2 loaded 1 chars with 0 blanks and 1 valid
9.9583 	DEBUG 	Uploading Texture Font fontname to graphics card
9.9631 	DEBUG 	Upload of Texture Font fontname complete
9.9634 	EXP 	window1: mouseVisible = True
10.3893 	EXP 	Created text_4 = TextStim(__class__=<class 'psychopy.visual.text.TextStim'>, alignHoriz=method-wrapper(...), alignText='center', alignVert=method-wrapper(...), anchorHoriz='center', anchorVert='center', antialias=True, autoLog=True, bold=False, color=array([-1, -1, -1]), colorSpace='rgb', contrast=1.0, depth=-3.0, flipHoriz=False, flipVert=False, font='Open Sans', fontFiles=[], height=0.1, italic=False, languageStyle='LTR', name='text_4', opacity=1, ori=0.0, pos=array([0. , 0.8]), rgb=UNKNOWN, text='Type your answers below:', units='norm', win=Window(...), wrapWidth=1)
10.4080 	EXP 	textbox: autoLog = True
10.4080 	EXP 	ins: autoDraw = True
12.3796 	EXP 	con1: autoDraw = True
12.5554 	DATA 	Keypress: space
12.5832 	EXP 	ins: autoDraw = False
12.5832 	EXP 	con1: autoDraw = False
12.5832 	EXP 	text: autoDraw = True
15.1446 	DEBUG 	Read excel file with openpyxl: conditions.xlsx
15.1472 	EXP 	Imported conditions.xlsx as conditions, 16 conditions, 2 params
15.1479 	EXP 	Created sequence: random, trialTypes=16, nReps=1, seed=None
15.1483 	EXP 	New trial (rep=0, index=0): {'concept': 'pie', 'photo': 'pie1.jpg'}
15.1488 	EXP 	New trial (rep=0, index=1): {'concept': 'car', 'photo': 'car1.jpg'}
15.1492 	EXP 	New trial (rep=0, index=2): {'concept': 'bird', 'photo': 'bird3.jpg'}
15.1496 	EXP 	New trial (rep=0, index=3): {'concept': 'pineapple', 'photo': 'pineapple1.jpg'}
15.1499 	EXP 	New trial (rep=0, index=4): {'concept': 'horse', 'photo': 'horse2.jpg'}
15.1503 	EXP 	New trial (rep=0, index=5): {'concept': 'tree', 'photo': 'tree1.jpg'}
15.1506 	EXP 	New trial (rep=0, index=6): {'concept': 'alligator', 'photo': 'alligator1.jpg'}
15.1510 	EXP 	New trial (rep=0, index=7): {'concept': 'bench', 'photo': 'bench1.jpg'}
15.1513 	EXP 	New trial (rep=0, index=8): {'concept': 'chairs', 'photo': 'chairs2.jpg'}
15.1517 	EXP 	New trial (rep=0, index=9): {'concept': 'leaves', 'photo': 'leaves1.jpg'}
15.1521 	EXP 	New trial (rep=0, index=10): {'concept': 'bear', 'photo': 'bear1.jpg'}
15.1525 	EXP 	New trial (rep=0, index=11): {'concept': 'grapes', 'photo': 'grapes1.jpg'}
15.1529 	EXP 	New trial (rep=0, index=12): {'concept': 'strawberries', 'photo': 'strawberries4.jpg'}
15.1533 	EXP 	New trial (rep=0, index=13): {'concept': 'banana', 'photo': 'banana1.jpg'}
15.1537 	EXP 	New trial (rep=0, index=14): {'concept': 'fox', 'photo': 'fox1.jpg'}
15.1540 	EXP 	New trial (rep=0, index=15): {'concept': 'whale', 'photo': 'whale1.jpg'}
15.1616 	DATA 	Keypress: space
15.1710 	EXP 	text: autoDraw = False
15.1710 	EXP 	text_3: autoDraw = True
17.2731 	DEBUG 	Read excel file with openpyxl: conditions.xlsx
17.2767 	EXP 	Imported conditions.xlsx as conditions, 16 conditions, 2 params
17.2770 	EXP 	Created sequence: random, trialTypes=16, nReps=1, seed=None
17.2773 	EXP 	New trial (rep=0, index=0): {'concept': 'fish', 'photo': 'fish3.jpg'}
17.2777 	EXP 	New trial (rep=0, index=1): {'concept': 'camel', 'photo': 'camel1.jpg'}
17.2781 	EXP 	New trial (rep=0, index=2): {'concept': 'lion', 'photo': 'lion1.jpg'}
17.2784 	EXP 	New trial (rep=0, index=3): {'concept': 'frog', 'photo': 'frog1.jpg'}
17.2790 	EXP 	New trial (rep=0, index=4): {'concept': 'mouse', 'photo': 'mouse2.jpg'}
17.2794 	EXP 	New trial (rep=0, index=5): {'concept': 'turtle', 'photo': 'turtle3.jpg'}
17.2798 	EXP 	New trial (rep=0, index=6): {'concept': 'cat', 'photo': 'cat1.jpg'}
17.2802 	EXP 	New trial (rep=0, index=7): {'concept': 'bridge', 'photo': 'bridge1.jpg'}
17.2810 	EXP 	New trial (rep=0, index=8): {'concept': 'carrots', 'photo': 'carrots1.jpg'}
17.2815 	EXP 	New trial (rep=0, index=9): {'concept': 'phone', 'photo': 'phone1.jpg'}
17.2821 	EXP 	New trial (rep=0, index=10): {'concept': 'train', 'photo': 'train1.jpg'}
17.2826 	EXP 	New trial (rep=0, index=11): {'concept': 'rabbit', 'photo': 'rabbit1.jpg'}
17.2831 	EXP 	New trial (rep=0, index=12): {'concept': 'apples', 'photo': 'apples4.jpg'}
17.2836 	EXP 	New trial (rep=0, index=13): {'concept': 'bike', 'photo': 'bike3.jpg'}
17.2840 	EXP 	New trial (rep=0, index=14): {'concept': 'elephant', 'photo': 'elephant3.jpg'}
17.2846 	EXP 	New trial (rep=0, index=15): {'concept': 'book', 'photo': 'book1.jpg'}
17.2881 	DATA 	Keypress: space
17.2975 	EXP 	text_3: autoDraw = False
17.2975 	EXP 	text_2: autoDraw = True
19.6243 	DEBUG 	TextBox2 loaded 1 chars with 0 blanks and 1 valid
19.6250 	DEBUG 	Uploading Texture Font fontname to graphics card
19.6302 	DEBUG 	Upload of Texture Font fontname complete
19.6304 	DATA 	Keypress: space
19.6401 	EXP 	text_2: autoDraw = False
19.6401 	EXP 	textbox: autoDraw = True
19.6401 	EXP 	text_4: autoDraw = True
26.6221 	DATA 	Mouse: Left button down, pos=(683,68)
27.1721 	EXP 	window1: mouseVisible = True
27.1736 	DEBUG 	Saving data for df_e1 ExperimentHandler
27.1750 	INFO 	saved data to /Users/rebeccalurie 1/Dropbox/grad/df/df_recallonly/data/_df_e1_2021_Mar_04_1704.psydat
27.1785 	INFO 	saved data to '/Users/rebeccalurie 1/Dropbox/grad/df/df_recallonly/data/_df_e1_2021_Mar_04_1704.csv'
