0.5749 	WARNING 	We strongly recommend you activate the PTB sound engine in PsychoPy prefs as the preferred audio engine. Its timing is vastly superior. Your prefs are currently set to use ['sounddevice', 'pyo', 'pygame'] (in that order).
8.0819 	INFO 	Loaded monitor calibration from ['2019_04_18 11:35']
8.9699 	EXP 	Created window1 = Window(allowGUI=False, allowStencil=False, autoLog=True, backendConf=UNKNOWN, bitsMode=UNKNOWN, blendMode='avg', bpc=(8, 8, 8), color=array([1, 1, 1]), colorSpace='rgb', depthBits=8, fullscr=<method-wrapper '__getattribute__' of attributeSetter object at 0x7fc4c9f5db38>, gamma=None, gammaErrorPolicy='raise', lms=UNKNOWN, monitor=<psychopy.monitors.calibTools.Monitor object at 0x7fc4c9dd3ac8>, multiSample=False, name='window1', numSamples=2, pos=[360.0, 225.0], screen=0, size=array([2880, 1800]), stencilBits=0, stereo=False, units='norm', useFBO=True, useRetina=True, viewOri=0.0, viewPos=None, viewScale=None, waitBlanking=True, winType='pyglet')
8.9702 	EXP 	window1: mouseVisible = True
8.9704 	EXP 	window1: recordFrameIntervals = False
9.1354 	EXP 	window1: recordFrameIntervals = True
9.3183 	DEBUG 	Screen (0) actual frame rate measured at 59.98
9.3184 	EXP 	window1: recordFrameIntervals = False
10.2287 	EXP 	Created ins = TextStim(__class__=<class 'psychopy.visual.text.TextStim'>, alignHoriz=method-wrapper(...), alignText='center', alignVert=method-wrapper(...), anchorHoriz='center', anchorVert='center', antialias=True, autoLog=True, bold=False, color=array([-1, -1, -1]), colorSpace='rgb', contrast=1.0, depth=-1.0, flipHoriz=False, flipVert=False, font='Open Sans', fontFiles=[], height=0.1, italic=False, languageStyle='LTR', name='ins', opacity=1, ori=0.0, pos=array([0., 0.]), rgb=UNKNOWN, text=str(...), units='norm', win=Window(...), wrapWidth=0.9)
10.2341 	EXP 	Created con1 = TextStim(__class__=<class 'psychopy.visual.text.TextStim'>, alignHoriz=method-wrapper(...), alignText='center', alignVert=method-wrapper(...), anchorHoriz='center', anchorVert='center', antialias=True, autoLog=True, bold=False, color=array([-1, -1, -1]), colorSpace='rgb', contrast=1.0, depth=-2.0, flipHoriz=False, flipVert=False, font='Open Sans', fontFiles=[], height=0.1, italic=False, languageStyle='LTR', name='con1', opacity=1, ori=0.0, pos=array([ 0. , -0.7]), rgb=UNKNOWN, text='Press the spacebar to continue.', units='norm', win=Window(...), wrapWidth=1)
10.2469 	EXP 	Created text = TextStim(__class__=<class 'psychopy.visual.text.TextStim'>, alignHoriz=method-wrapper(...), alignText='center', alignVert=method-wrapper(...), anchorHoriz='center', anchorVert='center', antialias=True, autoLog=True, bold=False, color=array([-1, -1, -1]), colorSpace='rgb', contrast=1.0, depth=0.0, flipHoriz=False, flipVert=False, font='Open Sans', fontFiles=[], height=0.1, italic=False, languageStyle='LTR', name='text', opacity=1, ori=0.0, pos=array([0., 0.]), rgb=UNKNOWN, text=str(...), units='norm', win=Window(...), wrapWidth=1.5)
10.6875 	EXP 	Created text_3 = TextStim(__class__=<class 'psychopy.visual.text.TextStim'>, alignHoriz=method-wrapper(...), alignText='center', alignVert=method-wrapper(...), anchorHoriz='center', anchorVert='center', antialias=True, autoLog=True, bold=False, color=array([-1, -1, -1]), colorSpace='rgb', contrast=1.0, depth=0.0, flipHoriz=False, flipVert=False, font='Open Sans', fontFiles=[], height=0.1, italic=False, languageStyle='LTR', name='text_3', opacity=1, ori=0.0, pos=array([0., 0.]), rgb=UNKNOWN, text=str(...), units='norm', win=Window(...), wrapWidth=1.2)
11.1048 	EXP 	Created text_2 = TextStim(__class__=<class 'psychopy.visual.text.TextStim'>, alignHoriz=method-wrapper(...), alignText='center', alignVert=method-wrapper(...), anchorHoriz='center', anchorVert='center', antialias=True, autoLog=True, bold=False, color=array([-1, -1, -1]), colorSpace='rgb', contrast=1.0, depth=0.0, flipHoriz=False, flipVert=False, font='Open Sans', fontFiles=[], height=0.1, italic=False, languageStyle='LTR', name='text_2', opacity=1, ori=0.0, pos=array([0., 0.]), rgb=UNKNOWN, text=str(...), units='norm', win=Window(...), wrapWidth=1)
11.5616 	DEBUG 	TextBox2 loaded 1 chars with 0 blanks and 1 valid
11.5621 	DEBUG 	TextBox2 loaded 1 chars with 0 blanks and 1 valid
11.5628 	DEBUG 	TextBox2 loaded 1 chars with 0 blanks and 1 valid
11.5632 	DEBUG 	TextBox2 loaded 1 chars with 0 blanks and 1 valid
11.5639 	DEBUG 	TextBox2 loaded 1 chars with 0 blanks and 1 valid
11.5645 	DEBUG 	TextBox2 loaded 1 chars with 0 blanks and 1 valid
11.5652 	DEBUG 	TextBox2 loaded 1 chars with 0 blanks and 1 valid
11.5658 	DEBUG 	TextBox2 loaded 1 chars with 0 blanks and 1 valid
11.5659 	DEBUG 	Uploading Texture Font fontname to graphics card
11.5699 	DEBUG 	Upload of Texture Font fontname complete
11.5702 	EXP 	window1: mouseVisible = True
11.9612 	EXP 	Created text_4 = TextStim(__class__=<class 'psychopy.visual.text.TextStim'>, alignHoriz=method-wrapper(...), alignText='center', alignVert=method-wrapper(...), anchorHoriz='center', anchorVert='center', antialias=True, autoLog=True, bold=False, color=array([-1, -1, -1]), colorSpace='rgb', contrast=1.0, depth=-3.0, flipHoriz=False, flipVert=False, font='Open Sans', fontFiles=[], height=0.1, italic=False, languageStyle='LTR', name='text_4', opacity=1, ori=0.0, pos=array([0. , 0.8]), rgb=UNKNOWN, text='Type your answers below:', units='norm', win=Window(...), wrapWidth=1)
11.9799 	EXP 	textbox: autoLog = True
11.9799 	EXP 	ins: autoDraw = True
13.9543 	EXP 	con1: autoDraw = True
14.8441 	DATA 	Keypress: space
14.8729 	EXP 	ins: autoDraw = False
14.8729 	EXP 	con1: autoDraw = False
14.8729 	EXP 	text: autoDraw = True
17.4998 	DEBUG 	Read excel file with openpyxl: conditions.xlsx
17.5024 	EXP 	Imported conditions.xlsx as conditions, 16 conditions, 2 params
17.5029 	EXP 	Created sequence: random, trialTypes=16, nReps=1, seed=None
17.5033 	EXP 	New trial (rep=0, index=0): {'concept': 'cat', 'photo': 'cat1.jpg'}
17.5038 	EXP 	New trial (rep=0, index=1): {'concept': 'whale', 'photo': 'whale1.jpg'}
17.5042 	EXP 	New trial (rep=0, index=2): {'concept': 'frog', 'photo': 'frog1.jpg'}
17.5045 	EXP 	New trial (rep=0, index=3): {'concept': 'horse', 'photo': 'horse2.jpg'}
17.5049 	EXP 	New trial (rep=0, index=4): {'concept': 'bird', 'photo': 'bird3.jpg'}
17.5053 	EXP 	New trial (rep=0, index=5): {'concept': 'fish', 'photo': 'fish3.jpg'}
17.5056 	EXP 	New trial (rep=0, index=6): {'concept': 'lion', 'photo': 'lion1.jpg'}
17.5060 	EXP 	New trial (rep=0, index=7): {'concept': 'rabbit', 'photo': 'rabbit1.jpg'}
17.5063 	EXP 	New trial (rep=0, index=8): {'concept': 'car', 'photo': 'car1.jpg'}
17.5067 	EXP 	New trial (rep=0, index=9): {'concept': 'grapes', 'photo': 'grapes1.jpg'}
17.5071 	EXP 	New trial (rep=0, index=10): {'concept': 'bench', 'photo': 'bench1.jpg'}
17.5074 	EXP 	New trial (rep=0, index=11): {'concept': 'leaves', 'photo': 'leaves1.jpg'}
17.5078 	EXP 	New trial (rep=0, index=12): {'concept': 'tree', 'photo': 'tree1.jpg'}
17.5081 	EXP 	New trial (rep=0, index=13): {'concept': 'bear', 'photo': 'bear1.jpg'}
17.5084 	EXP 	New trial (rep=0, index=14): {'concept': 'train', 'photo': 'train1.jpg'}
17.5088 	EXP 	New trial (rep=0, index=15): {'concept': 'fox', 'photo': 'fox1.jpg'}
17.5157 	DATA 	Keypress: space
17.5254 	EXP 	text: autoDraw = False
17.5254 	EXP 	text_3: autoDraw = True
20.0336 	DEBUG 	Read excel file with openpyxl: conditions.xlsx
20.0387 	EXP 	Imported conditions.xlsx as conditions, 16 conditions, 2 params
20.0394 	EXP 	Created sequence: random, trialTypes=16, nReps=1, seed=None
20.0400 	EXP 	New trial (rep=0, index=0): {'concept': 'elephant', 'photo': 'elephant3.jpg'}
20.0406 	EXP 	New trial (rep=0, index=1): {'concept': 'mouse', 'photo': 'mouse2.jpg'}
20.0412 	EXP 	New trial (rep=0, index=2): {'concept': 'bike', 'photo': 'bike3.jpg'}
20.0416 	EXP 	New trial (rep=0, index=3): {'concept': 'book', 'photo': 'book1.jpg'}
20.0420 	EXP 	New trial (rep=0, index=4): {'concept': 'pineapple', 'photo': 'pineapple1.jpg'}
20.0424 	EXP 	New trial (rep=0, index=5): {'concept': 'camel', 'photo': 'camel1.jpg'}
20.0432 	EXP 	New trial (rep=0, index=6): {'concept': 'chairs', 'photo': 'chairs2.jpg'}
20.0437 	EXP 	New trial (rep=0, index=7): {'concept': 'bridge', 'photo': 'bridge1.jpg'}
20.0444 	EXP 	New trial (rep=0, index=8): {'concept': 'strawberries', 'photo': 'strawberries4.jpg'}
20.0449 	EXP 	New trial (rep=0, index=9): {'concept': 'banana', 'photo': 'banana1.jpg'}
20.0453 	EXP 	New trial (rep=0, index=10): {'concept': 'apples', 'photo': 'apples4.jpg'}
20.0457 	EXP 	New trial (rep=0, index=11): {'concept': 'phone', 'photo': 'phone1.jpg'}
20.0460 	EXP 	New trial (rep=0, index=12): {'concept': 'carrots', 'photo': 'carrots1.jpg'}
20.0466 	EXP 	New trial (rep=0, index=13): {'concept': 'pie', 'photo': 'pie1.jpg'}
20.0472 	EXP 	New trial (rep=0, index=14): {'concept': 'alligator', 'photo': 'alligator1.jpg'}
20.0477 	EXP 	New trial (rep=0, index=15): {'concept': 'turtle', 'photo': 'turtle3.jpg'}
20.0517 	DATA 	Keypress: space
20.0610 	EXP 	text_3: autoDraw = False
20.0610 	EXP 	text_2: autoDraw = True
22.6432 	DEBUG 	TextBox2 loaded 1 chars with 0 blanks and 1 valid
22.6434 	DEBUG 	Uploading Texture Font fontname to graphics card
22.6505 	DEBUG 	Upload of Texture Font fontname complete
22.6507 	DATA 	Keypress: space
22.6608 	EXP 	text_2: autoDraw = False
22.6608 	EXP 	textbox: autoDraw = True
22.6608 	EXP 	text_4: autoDraw = True
155.7741 	DEBUG 	TextBox2 loaded 1 chars with 0 blanks and 1 valid
155.7743 	DEBUG 	Uploading Texture Font fontname to graphics card
155.7778 	DEBUG 	Upload of Texture Font fontname complete
155.7783 	DATA 	Keypress: g
155.8262 	DEBUG 	TextBox2 loaded 1 chars with 0 blanks and 1 valid
155.8263 	DEBUG 	Uploading Texture Font fontname to graphics card
155.8283 	DEBUG 	Upload of Texture Font fontname complete
155.8288 	DATA 	Keypress: h
156.0192 	DATA 	Keypress: g
156.0995 	DEBUG 	TextBox2 loaded 1 chars with 0 blanks and 1 valid
156.0996 	DEBUG 	Uploading Texture Font fontname to graphics card
156.1011 	DEBUG 	Upload of Texture Font fontname complete
156.1017 	DATA 	Keypress: j
156.2427 	DATA 	Keypress: g
156.3497 	DATA 	Keypress: j
156.4730 	DATA 	Keypress: h
156.4765 	DATA 	Keypress: g
156.6440 	DATA 	Keypress: j
156.6941 	DATA 	Keypress: h
156.7494 	DATA 	Keypress: g
164.9974 	DEBUG 	TextBox2 loaded 1 chars with 0 blanks and 1 valid
164.9976 	DEBUG 	Uploading Texture Font fontname to graphics card
164.9987 	DEBUG 	Upload of Texture Font fontname complete
164.9991 	DATA 	Keypress: return
165.3958 	DATA 	Keypress: h
165.5392 	DATA 	Keypress: j
165.6262 	DEBUG 	TextBox2 loaded 1 chars with 0 blanks and 1 valid
165.6263 	DEBUG 	Uploading Texture Font fontname to graphics card
165.6274 	DEBUG 	Upload of Texture Font fontname complete
165.6279 	DATA 	Keypress: k
165.7496 	DATA 	Keypress: h
165.8942 	DATA 	Keypress: k
165.9375 	DATA 	Keypress: j
166.3127 	DATA 	Keypress: return
166.6579 	DATA 	Keypress: h
166.8586 	DATA 	Keypress: j
166.9796 	DATA 	Keypress: h
167.1027 	DATA 	Keypress: k
167.6333 	DATA 	Keypress: return
167.9252 	DATA 	Keypress: h
168.0610 	DATA 	Keypress: j
168.0635 	DATA 	Keypress: k
168.2178 	DATA 	Keypress: h
168.3185 	DATA 	Keypress: k
168.6851 	DATA 	Keypress: return
172.7197 	DATA 	Mouse: Left button down, pos=(721,66)
173.2774 	EXP 	window1: mouseVisible = True
173.2801 	DEBUG 	Saving data for df_e1 ExperimentHandler
173.2815 	INFO 	saved data to /Users/rebeccalurie 1/Dropbox/grad/df/df_recallonly/data/_df_e1_2021_Mar_04_1700.psydat
173.3058 	INFO 	saved data to '/Users/rebeccalurie 1/Dropbox/grad/df/df_recallonly/data/_df_e1_2021_Mar_04_1700.csv'
