0.5299 	WARNING 	We strongly recommend you activate the PTB sound engine in PsychoPy prefs as the preferred audio engine. Its timing is vastly superior. Your prefs are currently set to use ['sounddevice', 'pyo', 'pygame'] (in that order).
8.2296 	INFO 	Loaded monitor calibration from ['2019_04_18 11:35']
9.2225 	EXP 	Created window1 = Window(allowGUI=False, allowStencil=False, autoLog=True, backendConf=UNKNOWN, bitsMode=UNKNOWN, blendMode='avg', bpc=(8, 8, 8), color=array([1, 1, 1]), colorSpace='rgb', depthBits=8, fullscr=<method-wrapper '__getattribute__' of attributeSetter object at 0x7fcd23fd6b38>, gamma=None, gammaErrorPolicy='raise', lms=UNKNOWN, monitor=<psychopy.monitors.calibTools.Monitor object at 0x7fcd23da7cf8>, multiSample=False, name='window1', numSamples=2, pos=[360.0, 225.0], screen=0, size=array([2880, 1800]), stencilBits=0, stereo=False, units='norm', useFBO=True, useRetina=True, viewOri=0.0, viewPos=None, viewScale=None, waitBlanking=True, winType='pyglet')
9.2227 	EXP 	window1: mouseVisible = True
9.2228 	EXP 	window1: recordFrameIntervals = False
9.3879 	EXP 	window1: recordFrameIntervals = True
9.5726 	DEBUG 	Screen (0) actual frame rate measured at 59.64
9.5726 	EXP 	window1: recordFrameIntervals = False
10.4643 	EXP 	Created ins = TextStim(__class__=<class 'psychopy.visual.text.TextStim'>, alignHoriz=method-wrapper(...), alignText='center', alignVert=method-wrapper(...), anchorHoriz='center', anchorVert='center', antialias=True, autoLog=True, bold=False, color=array([-1, -1, -1]), colorSpace='rgb', contrast=1.0, depth=-1.0, flipHoriz=False, flipVert=False, font='Open Sans', fontFiles=[], height=0.1, italic=False, languageStyle='LTR', name='ins', opacity=1, ori=0.0, pos=array([0., 0.]), rgb=UNKNOWN, text=str(...), units='norm', win=Window(...), wrapWidth=1.5)
10.4694 	EXP 	Created con1 = TextStim(__class__=<class 'psychopy.visual.text.TextStim'>, alignHoriz=method-wrapper(...), alignText='center', alignVert=method-wrapper(...), anchorHoriz='center', anchorVert='center', antialias=True, autoLog=True, bold=False, color=array([-1, -1, -1]), colorSpace='rgb', contrast=1.0, depth=-2.0, flipHoriz=False, flipVert=False, font='Open Sans', fontFiles=[], height=0.1, italic=False, languageStyle='LTR', name='con1', opacity=1, ori=0.0, pos=array([ 0. , -0.7]), rgb=UNKNOWN, text='Press the spacebar to continue.', units='norm', win=Window(...), wrapWidth=1)
10.4820 	EXP 	Created text = TextStim(__class__=<class 'psychopy.visual.text.TextStim'>, alignHoriz=method-wrapper(...), alignText='center', alignVert=method-wrapper(...), anchorHoriz='center', anchorVert='center', antialias=True, autoLog=True, bold=False, color=array([-1, -1, -1]), colorSpace='rgb', contrast=1.0, depth=0.0, flipHoriz=False, flipVert=False, font='Open Sans', fontFiles=[], height=0.1, italic=False, languageStyle='LTR', name='text', opacity=1, ori=0.0, pos=array([0., 0.]), rgb=UNKNOWN, text=str(...), units='norm', win=Window(...), wrapWidth=1.5)
10.9546 	EXP 	Created text_3 = TextStim(__class__=<class 'psychopy.visual.text.TextStim'>, alignHoriz=method-wrapper(...), alignText='center', alignVert=method-wrapper(...), anchorHoriz='center', anchorVert='center', antialias=True, autoLog=True, bold=False, color=array([-1, -1, -1]), colorSpace='rgb', contrast=1.0, depth=0.0, flipHoriz=False, flipVert=False, font='Open Sans', fontFiles=[], height=0.1, italic=False, languageStyle='LTR', name='text_3', opacity=1, ori=0.0, pos=array([0., 0.]), rgb=UNKNOWN, text=str(...), units='norm', win=Window(...), wrapWidth=1.5)
11.8112 	EXP 	Created text_5 = TextStim(__class__=<class 'psychopy.visual.text.TextStim'>, alignHoriz=method-wrapper(...), alignText='center', alignVert=method-wrapper(...), anchorHoriz='center', anchorVert='center', antialias=True, autoLog=True, bold=False, color=array([-1, -1, -1]), colorSpace='rgb', contrast=1.0, depth=-1.0, flipHoriz=False, flipVert=False, font='Open Sans', fontFiles=[], height=0.1, italic=False, languageStyle='LTR', name='text_5', opacity=1, ori=0.0, pos=array([0., 0.]), rgb=UNKNOWN, text='', units='norm', win=Window(...), wrapWidth=1)
11.8152 	EXP 	Created text_6 = TextStim(__class__=<class 'psychopy.visual.text.TextStim'>, alignHoriz=method-wrapper(...), alignText='center', alignVert=method-wrapper(...), anchorHoriz='center', anchorVert='center', antialias=True, autoLog=True, bold=False, color=array([-1, -1, -1]), colorSpace='rgb', contrast=1.0, depth=-2.0, flipHoriz=False, flipVert=False, font='Open Sans', fontFiles=[], height=0.1, italic=False, languageStyle='LTR', name='text_6', opacity=1, ori=0.0, pos=array([ 0. , -0.5]), rgb=UNKNOWN, text='Press enter to continue to the next problem.', units='norm', win=Window(...), wrapWidth=1)
11.8281 	EXP 	Created text_2 = TextStim(__class__=<class 'psychopy.visual.text.TextStim'>, alignHoriz=method-wrapper(...), alignText='center', alignVert=method-wrapper(...), anchorHoriz='center', anchorVert='center', antialias=True, autoLog=True, bold=False, color=array([-1, -1, -1]), colorSpace='rgb', contrast=1.0, depth=0.0, flipHoriz=False, flipVert=False, font='Open Sans', fontFiles=[], height=0.1, italic=False, languageStyle='LTR', name='text_2', opacity=1, ori=0.0, pos=array([0., 0.]), rgb=UNKNOWN, text=str(...), units='norm', win=Window(...), wrapWidth=1.5)
12.2271 	DEBUG 	TextBox2 loaded 1 chars with 0 blanks and 1 valid
12.2278 	DEBUG 	TextBox2 loaded 1 chars with 0 blanks and 1 valid
12.2293 	DEBUG 	TextBox2 loaded 1 chars with 0 blanks and 1 valid
12.2299 	DEBUG 	TextBox2 loaded 1 chars with 0 blanks and 1 valid
12.2316 	DEBUG 	TextBox2 loaded 1 chars with 0 blanks and 1 valid
12.2328 	DEBUG 	TextBox2 loaded 1 chars with 0 blanks and 1 valid
12.2338 	DEBUG 	TextBox2 loaded 1 chars with 0 blanks and 1 valid
12.2348 	DEBUG 	TextBox2 loaded 1 chars with 0 blanks and 1 valid
12.2349 	DEBUG 	Uploading Texture Font fontname to graphics card
12.2404 	DEBUG 	Upload of Texture Font fontname complete
12.2407 	EXP 	window1: mouseVisible = True
12.6555 	EXP 	Created text_4 = TextStim(__class__=<class 'psychopy.visual.text.TextStim'>, alignHoriz=method-wrapper(...), alignText='center', alignVert=method-wrapper(...), anchorHoriz='center', anchorVert='center', antialias=True, autoLog=True, bold=False, color=array([-1, -1, -1]), colorSpace='rgb', contrast=1.0, depth=-3.0, flipHoriz=False, flipVert=False, font='Open Sans', fontFiles=[], height=0.1, italic=False, languageStyle='LTR', name='text_4', opacity=1, ori=0.0, pos=array([0. , 0.8]), rgb=UNKNOWN, text='Type your answers below. ', units='norm', win=Window(...), wrapWidth=1)
12.6800 	EXP 	textbox: autoLog = True
12.6800 	EXP 	ins: autoDraw = True
14.6559 	EXP 	con1: autoDraw = True
21.4608 	DATA 	Keypress: space
21.4741 	EXP 	ins: autoDraw = False
21.4741 	EXP 	con1: autoDraw = False
21.4741 	EXP 	text: autoDraw = True
25.6713 	DEBUG 	Read excel file with openpyxl: conditions.xlsx
25.6765 	EXP 	Imported conditions.xlsx as conditions, 16 conditions, 3 params
25.6771 	EXP 	Created sequence: random, trialTypes=16, nReps=1, seed=None
25.6774 	EXP 	New trial (rep=0, index=0): {'concept': 'bike', 'photo': 'bike3.jpg', 'distractQ': '25 x 17 ='}
25.6779 	EXP 	New trial (rep=0, index=1): {'concept': 'mouse', 'photo': 'mouse2.jpg', 'distractQ': '26 x 23 ='}
25.6782 	EXP 	New trial (rep=0, index=2): {'concept': 'pie', 'photo': 'pie1.jpg', 'distractQ': '82 x 31 ='}
25.6787 	EXP 	New trial (rep=0, index=3): {'concept': 'bird', 'photo': 'bird3.jpg', 'distractQ': '17 x 87 ='}
25.6792 	EXP 	New trial (rep=0, index=4): {'concept': 'frog', 'photo': 'frog1.jpg', 'distractQ': '63 x 58 ='}
25.6796 	EXP 	New trial (rep=0, index=5): {'concept': 'chairs', 'photo': 'chairs2.jpg', 'distractQ': '13 x 47 ='}
25.6801 	EXP 	New trial (rep=0, index=6): {'concept': 'phone', 'photo': 'phone1.jpg', 'distractQ': '86 x 12 ='}
25.6806 	EXP 	New trial (rep=0, index=7): {'concept': 'lion', 'photo': 'lion1.jpg', 'distractQ': '11 x 83 ='}
25.6809 	EXP 	New trial (rep=0, index=8): {'concept': 'apples', 'photo': 'apples4.jpg', 'distractQ': '68 x 47 ='}
25.6813 	EXP 	New trial (rep=0, index=9): {'concept': 'car', 'photo': 'car1.jpg', 'distractQ': '77 x 21 ='}
25.6817 	EXP 	New trial (rep=0, index=10): {'concept': 'elephant', 'photo': 'elephant3.jpg', 'distractQ': '51 x 65 ='}
25.6821 	EXP 	New trial (rep=0, index=11): {'concept': 'bench', 'photo': 'bench1.jpg', 'distractQ': '18 x 74 ='}
25.6825 	EXP 	New trial (rep=0, index=12): {'concept': 'camel', 'photo': 'camel1.jpg', 'distractQ': '44 x 84 ='}
25.6830 	EXP 	New trial (rep=0, index=13): {'concept': 'book', 'photo': 'book1.jpg', 'distractQ': '9 x 22 ='}
25.6833 	EXP 	New trial (rep=0, index=14): {'concept': 'banana', 'photo': 'banana1.jpg', 'distractQ': '84 x 54 ='}
25.6837 	EXP 	New trial (rep=0, index=15): {'concept': 'fox', 'photo': 'fox1.jpg', 'distractQ': '74 x 57 ='}
25.6904 	DATA 	Keypress: space
25.6998 	EXP 	text: autoDraw = False
25.6998 	EXP 	text_3: autoDraw = True
28.5639 	DEBUG 	Read excel file with openpyxl: conditions.xlsx
28.5685 	EXP 	Imported conditions.xlsx as conditions, 16 conditions, 3 params
28.5689 	EXP 	Created sequence: random, trialTypes=16, nReps=1, seed=None
28.5693 	EXP 	New trial (rep=0, index=0): {'concept': 'alligator', 'photo': 'alligator1.jpg', 'distractQ': '47 x 24 ='}
28.5697 	EXP 	New trial (rep=0, index=1): {'concept': 'pineapple', 'photo': 'pineapple1.jpg', 'distractQ': '44 x 75 ='}
28.5701 	EXP 	New trial (rep=0, index=2): {'concept': 'turtle', 'photo': 'turtle3.jpg', 'distractQ': '80 x 11 ='}
28.5704 	EXP 	New trial (rep=0, index=3): {'concept': 'tree', 'photo': 'tree1.jpg', 'distractQ': '9 x 54 ='}
28.5708 	EXP 	New trial (rep=0, index=4): {'concept': 'bridge', 'photo': 'bridge1.jpg', 'distractQ': '94 x 64 ='}
28.5711 	EXP 	New trial (rep=0, index=5): {'concept': 'rabbit', 'photo': 'rabbit1.jpg', 'distractQ': '25 x 88 ='}
28.5714 	EXP 	New trial (rep=0, index=6): {'concept': 'bear', 'photo': 'bear1.jpg', 'distractQ': '49 x 43 ='}
28.5718 	EXP 	New trial (rep=0, index=7): {'concept': 'leaves', 'photo': 'leaves1.jpg', 'distractQ': '87 x 7 ='}
28.5722 	EXP 	New trial (rep=0, index=8): {'concept': 'strawberries', 'photo': 'strawberries4.jpg', 'distractQ': '14 x 38 ='}
28.5725 	EXP 	New trial (rep=0, index=9): {'concept': 'carrots', 'photo': 'carrots1.jpg', 'distractQ': '44 x 4 ='}
28.5728 	EXP 	New trial (rep=0, index=10): {'concept': 'grapes', 'photo': 'grapes1.jpg', 'distractQ': '37 x 63 ='}
28.5732 	EXP 	New trial (rep=0, index=11): {'concept': 'cat', 'photo': 'cat1.jpg', 'distractQ': '77 x 21 ='}
28.5735 	EXP 	New trial (rep=0, index=12): {'concept': 'whale', 'photo': 'whale1.jpg', 'distractQ': '5 x 57 ='}
28.5738 	EXP 	New trial (rep=0, index=13): {'concept': 'fish', 'photo': 'fish3.jpg', 'distractQ': '16 x 12 ='}
28.5741 	EXP 	New trial (rep=0, index=14): {'concept': 'train', 'photo': 'train1.jpg', 'distractQ': '96 x 22 ='}
28.5744 	EXP 	New trial (rep=0, index=15): {'concept': 'horse', 'photo': 'horse2.jpg', 'distractQ': '18 x 61 ='}
28.5840 	DEBUG 	Read excel file with openpyxl: conditions.xlsx
28.5869 	EXP 	Imported conditions.xlsx as conditions, 32 conditions, 3 params
28.5873 	EXP 	Created sequence: random, trialTypes=32, nReps=1, seed=None
28.5876 	EXP 	New trial (rep=0, index=0): {'concept': 'fox', 'photo': 'fox1.jpg', 'distractQ': '74 x 57 ='}
28.5970 	DATA 	Keypress: space
28.6063 	EXP 	text_3: autoDraw = False
28.6063 	EXP 	text_5: text = '74 x 57 ='
28.6063 	EXP 	text_5: autoDraw = True
28.6063 	EXP 	text_6: autoDraw = True
36.0116 	DATA 	Keypress: return
36.0273 	EXP 	New trial (rep=0, index=1): {'concept': 'tree', 'photo': 'tree1.jpg', 'distractQ': '9 x 54 ='}
36.0464 	EXP 	text_5: autoDraw = False
36.0464 	EXP 	text_6: autoDraw = False
36.0464 	EXP 	text_5: text = '9 x 54 ='
36.0464 	EXP 	text_5: autoDraw = True
36.0464 	EXP 	text_6: autoDraw = True
39.2238 	EXP 	New trial (rep=0, index=2): {'concept': 'bike', 'photo': 'bike3.jpg', 'distractQ': '25 x 17 ='}
39.2373 	DATA 	Keypress: return
39.2464 	EXP 	text_5: autoDraw = False
39.2464 	EXP 	text_6: autoDraw = False
39.2464 	EXP 	text_5: text = '25 x 17 ='
39.2464 	EXP 	text_5: autoDraw = True
39.2464 	EXP 	text_6: autoDraw = True
41.6763 	EXP 	New trial (rep=0, index=3): {'concept': 'camel', 'photo': 'camel1.jpg', 'distractQ': '44 x 84 ='}
41.6891 	DATA 	Keypress: return
41.6978 	EXP 	text_5: autoDraw = False
41.6978 	EXP 	text_6: autoDraw = False
41.6978 	EXP 	text_5: text = '44 x 84 ='
41.6978 	EXP 	text_5: autoDraw = True
41.6978 	EXP 	text_6: autoDraw = True
44.3075 	EXP 	New trial (rep=0, index=4): {'concept': 'turtle', 'photo': 'turtle3.jpg', 'distractQ': '80 x 11 ='}
44.3176 	DATA 	Keypress: return
44.3269 	EXP 	text_5: autoDraw = False
44.3269 	EXP 	text_6: autoDraw = False
44.3269 	EXP 	text_5: text = '80 x 11 ='
44.3269 	EXP 	text_5: autoDraw = True
44.3269 	EXP 	text_6: autoDraw = True
48.2413 	EXP 	New trial (rep=0, index=5): {'concept': 'phone', 'photo': 'phone1.jpg', 'distractQ': '86 x 12 ='}
48.2501 	DATA 	Keypress: return
48.2601 	EXP 	text_5: autoDraw = False
48.2601 	EXP 	text_6: autoDraw = False
48.2601 	EXP 	text_5: text = '86 x 12 ='
48.2601 	EXP 	text_5: autoDraw = True
48.2601 	EXP 	text_6: autoDraw = True
51.4564 	EXP 	New trial (rep=0, index=6): {'concept': 'grapes', 'photo': 'grapes1.jpg', 'distractQ': '37 x 63 ='}
51.4691 	DATA 	Keypress: return
51.4779 	EXP 	text_5: autoDraw = False
51.4779 	EXP 	text_6: autoDraw = False
51.4779 	EXP 	text_5: text = '37 x 63 ='
51.4779 	EXP 	text_5: autoDraw = True
51.4779 	EXP 	text_6: autoDraw = True
55.0910 	EXP 	New trial (rep=0, index=7): {'concept': 'train', 'photo': 'train1.jpg', 'distractQ': '96 x 22 ='}
55.0996 	DATA 	Keypress: return
55.1086 	EXP 	text_5: autoDraw = False
55.1086 	EXP 	text_6: autoDraw = False
55.1086 	EXP 	text_5: text = '96 x 22 ='
55.1086 	EXP 	text_5: autoDraw = True
55.1086 	EXP 	text_6: autoDraw = True
57.5612 	DATA 	Keypress: return
57.5759 	EXP 	New trial (rep=0, index=8): {'concept': 'mouse', 'photo': 'mouse2.jpg', 'distractQ': '26 x 23 ='}
57.5929 	EXP 	text_5: autoDraw = False
57.5929 	EXP 	text_6: autoDraw = False
57.5929 	EXP 	text_5: text = '26 x 23 ='
57.5929 	EXP 	text_5: autoDraw = True
57.5929 	EXP 	text_6: autoDraw = True
60.8238 	EXP 	New trial (rep=0, index=9): {'concept': 'pineapple', 'photo': 'pineapple1.jpg', 'distractQ': '44 x 75 ='}
60.8303 	DATA 	Keypress: return
60.8422 	EXP 	text_5: autoDraw = False
60.8422 	EXP 	text_6: autoDraw = False
60.8422 	EXP 	text_5: text = '44 x 75 ='
60.8422 	EXP 	text_5: autoDraw = True
60.8422 	EXP 	text_6: autoDraw = True
65.7392 	EXP 	New trial (rep=0, index=10): {'concept': 'strawberries', 'photo': 'strawberries4.jpg', 'distractQ': '14 x 38 ='}
65.7507 	DATA 	Keypress: return
65.7600 	EXP 	text_5: autoDraw = False
65.7600 	EXP 	text_6: autoDraw = False
65.7600 	EXP 	text_5: text = '14 x 38 ='
65.7600 	EXP 	text_5: autoDraw = True
65.7600 	EXP 	text_6: autoDraw = True
66.8896 	EXP 	New trial (rep=0, index=11): {'concept': 'leaves', 'photo': 'leaves1.jpg', 'distractQ': '87 x 7 ='}
66.8984 	DATA 	Keypress: return
66.9076 	EXP 	text_5: autoDraw = False
66.9076 	EXP 	text_6: autoDraw = False
66.9076 	EXP 	text_5: text = '87 x 7 ='
66.9076 	EXP 	text_5: autoDraw = True
66.9076 	EXP 	text_6: autoDraw = True
67.4242 	EXP 	New trial (rep=0, index=12): {'concept': 'frog', 'photo': 'frog1.jpg', 'distractQ': '63 x 58 ='}
67.4307 	DATA 	Keypress: return
67.4411 	EXP 	text_5: autoDraw = False
67.4411 	EXP 	text_6: autoDraw = False
67.4411 	EXP 	text_5: text = '63 x 58 ='
67.4411 	EXP 	text_5: autoDraw = True
67.4411 	EXP 	text_6: autoDraw = True
71.1930 	DATA 	Keypress: escape
71.8430 	EXP 	window1: mouseVisible = True
71.8432 	DEBUG 	Saving data for df_e1 ExperimentHandler
71.8465 	INFO 	saved data to /Users/rebeccalurie 1/Dropbox/grad/df/df_recallonly/data/_df_e1_2021_Mar_08_1222.psydat
71.8534 	INFO 	saved data to '/Users/rebeccalurie 1/Dropbox/grad/df/df_recallonly/data/_df_e1_2021_Mar_08_1222.csv'
