0.4943 	WARNING 	We strongly recommend you activate the PTB sound engine in PsychoPy prefs as the preferred audio engine. Its timing is vastly superior. Your prefs are currently set to use ['sounddevice', 'pyo', 'pygame'] (in that order).
6.2261 	INFO 	Loaded monitor calibration from ['2019_04_18 11:35']
7.2146 	EXP 	Created window1 = Window(allowGUI=False, allowStencil=False, autoLog=True, backendConf=UNKNOWN, bitsMode=UNKNOWN, blendMode='avg', bpc=(8, 8, 8), color=array([1, 1, 1]), colorSpace='rgb', depthBits=8, fullscr=<method-wrapper '__getattribute__' of attributeSetter object at 0x7fedb97b1b70>, gamma=None, gammaErrorPolicy='raise', lms=UNKNOWN, monitor=<psychopy.monitors.calibTools.Monitor object at 0x7fedb95e5d68>, multiSample=False, name='window1', numSamples=2, pos=[360.0, 225.0], screen=0, size=array([2880, 1800]), stencilBits=0, stereo=False, units='norm', useFBO=True, useRetina=True, viewOri=0.0, viewPos=None, viewScale=None, waitBlanking=True, winType='pyglet')
7.2149 	EXP 	window1: mouseVisible = True
7.2149 	EXP 	window1: recordFrameIntervals = False
7.3821 	EXP 	window1: recordFrameIntervals = True
7.5647 	DEBUG 	Screen (0) actual frame rate measured at 60.26
7.5648 	EXP 	window1: recordFrameIntervals = False
8.4532 	EXP 	Created ins = TextStim(__class__=<class 'psychopy.visual.text.TextStim'>, alignHoriz=method-wrapper(...), alignText='center', alignVert=method-wrapper(...), anchorHoriz='center', anchorVert='center', antialias=True, autoLog=True, bold=False, color=array([-1, -1, -1]), colorSpace='rgb', contrast=1.0, depth=-1.0, flipHoriz=False, flipVert=False, font='Open Sans', fontFiles=[], height=0.1, italic=False, languageStyle='LTR', name='ins', opacity=1, ori=0.0, pos=array([0., 0.]), rgb=UNKNOWN, text=str(...), units='norm', win=Window(...), wrapWidth=1.5)
8.4579 	EXP 	Created con1 = TextStim(__class__=<class 'psychopy.visual.text.TextStim'>, alignHoriz=method-wrapper(...), alignText='center', alignVert=method-wrapper(...), anchorHoriz='center', anchorVert='center', antialias=True, autoLog=True, bold=False, color=array([-1, -1, -1]), colorSpace='rgb', contrast=1.0, depth=-2.0, flipHoriz=False, flipVert=False, font='Open Sans', fontFiles=[], height=0.1, italic=False, languageStyle='LTR', name='con1', opacity=1, ori=0.0, pos=array([ 0. , -0.7]), rgb=UNKNOWN, text='Press the spacebar to continue.', units='norm', win=Window(...), wrapWidth=1)
8.4702 	EXP 	Created text = TextStim(__class__=<class 'psychopy.visual.text.TextStim'>, alignHoriz=method-wrapper(...), alignText='center', alignVert=method-wrapper(...), anchorHoriz='center', anchorVert='center', antialias=True, autoLog=True, bold=False, color=array([-1, -1, -1]), colorSpace='rgb', contrast=1.0, depth=0.0, flipHoriz=False, flipVert=False, font='Open Sans', fontFiles=[], height=0.1, italic=False, languageStyle='LTR', name='text', opacity=1, ori=0.0, pos=array([0., 0.]), rgb=UNKNOWN, text=str(...), units='norm', win=Window(...), wrapWidth=1.5)
8.9307 	EXP 	Created text_3 = TextStim(__class__=<class 'psychopy.visual.text.TextStim'>, alignHoriz=method-wrapper(...), alignText='center', alignVert=method-wrapper(...), anchorHoriz='center', anchorVert='center', antialias=True, autoLog=True, bold=False, color=array([-1, -1, -1]), colorSpace='rgb', contrast=1.0, depth=0.0, flipHoriz=False, flipVert=False, font='Open Sans', fontFiles=[], height=0.1, italic=False, languageStyle='LTR', name='text_3', opacity=1, ori=0.0, pos=array([0., 0.]), rgb=UNKNOWN, text=str(...), units='norm', win=Window(...), wrapWidth=1.5)
9.7396 	EXP 	Created text_5 = TextStim(__class__=<class 'psychopy.visual.text.TextStim'>, alignHoriz=method-wrapper(...), alignText='center', alignVert=method-wrapper(...), anchorHoriz='center', anchorVert='center', antialias=True, autoLog=True, bold=False, color=array([-1, -1, -1]), colorSpace='rgb', contrast=1.0, depth=-1.0, flipHoriz=False, flipVert=False, font='Open Sans', fontFiles=[], height=0.1, italic=False, languageStyle='LTR', name='text_5', opacity=1, ori=0.0, pos=array([0., 0.]), rgb=UNKNOWN, text='', units='norm', win=Window(...), wrapWidth=1)
9.7440 	EXP 	Created text_6 = TextStim(__class__=<class 'psychopy.visual.text.TextStim'>, alignHoriz=method-wrapper(...), alignText='center', alignVert=method-wrapper(...), anchorHoriz='center', anchorVert='center', antialias=True, autoLog=True, bold=False, color=array([-1, -1, -1]), colorSpace='rgb', contrast=1.0, depth=-2.0, flipHoriz=False, flipVert=False, font='Open Sans', fontFiles=[], height=0.1, italic=False, languageStyle='LTR', name='text_6', opacity=1, ori=0.0, pos=array([ 0. , -0.5]), rgb=UNKNOWN, text='Press enter to continue to the next problem.', units='norm', win=Window(...), wrapWidth=1)
9.7573 	EXP 	Created text_2 = TextStim(__class__=<class 'psychopy.visual.text.TextStim'>, alignHoriz=method-wrapper(...), alignText='center', alignVert=method-wrapper(...), anchorHoriz='center', anchorVert='center', antialias=True, autoLog=True, bold=False, color=array([-1, -1, -1]), colorSpace='rgb', contrast=1.0, depth=0.0, flipHoriz=False, flipVert=False, font='Open Sans', fontFiles=[], height=0.1, italic=False, languageStyle='LTR', name='text_2', opacity=1, ori=0.0, pos=array([0., 0.]), rgb=UNKNOWN, text=str(...), units='norm', win=Window(...), wrapWidth=1.5)
10.1980 	DEBUG 	TextBox2 loaded 1 chars with 0 blanks and 1 valid
10.1990 	DEBUG 	TextBox2 loaded 1 chars with 0 blanks and 1 valid
10.2012 	DEBUG 	TextBox2 loaded 1 chars with 0 blanks and 1 valid
10.2021 	DEBUG 	TextBox2 loaded 1 chars with 0 blanks and 1 valid
10.2042 	DEBUG 	TextBox2 loaded 1 chars with 0 blanks and 1 valid
10.2059 	DEBUG 	TextBox2 loaded 1 chars with 0 blanks and 1 valid
10.2076 	DEBUG 	TextBox2 loaded 1 chars with 0 blanks and 1 valid
10.2093 	DEBUG 	TextBox2 loaded 1 chars with 0 blanks and 1 valid
10.2095 	DEBUG 	Uploading Texture Font fontname to graphics card
10.2159 	DEBUG 	Upload of Texture Font fontname complete
10.2163 	EXP 	window1: mouseVisible = True
10.7692 	EXP 	Created text_4 = TextStim(__class__=<class 'psychopy.visual.text.TextStim'>, alignHoriz=method-wrapper(...), alignText='center', alignVert=method-wrapper(...), anchorHoriz='center', anchorVert='center', antialias=True, autoLog=True, bold=False, color=array([-1, -1, -1]), colorSpace='rgb', contrast=1.0, depth=-3.0, flipHoriz=False, flipVert=False, font='Open Sans', fontFiles=[], height=0.1, italic=False, languageStyle='LTR', name='text_4', opacity=1, ori=0.0, pos=array([0. , 0.8]), rgb=UNKNOWN, text='Type your answers below. ', units='norm', win=Window(...), wrapWidth=1)
10.8081 	EXP 	textbox: autoLog = True
10.8081 	EXP 	ins: autoDraw = True
12.7662 	EXP 	con1: autoDraw = True
13.2385 	DATA 	Keypress: space
13.2500 	EXP 	ins: autoDraw = False
13.2500 	EXP 	con1: autoDraw = False
13.2500 	EXP 	text: autoDraw = True
15.7802 	DEBUG 	Read excel file with openpyxl: conditions.xlsx
15.7839 	EXP 	Imported conditions.xlsx as conditions, 16 conditions, 3 params
15.7844 	EXP 	Created sequence: random, trialTypes=16, nReps=1, seed=None
15.7848 	EXP 	New trial (rep=0, index=0): {'concept': 'car', 'photo': 'car1.jpg', 'distractQ': '77 x 21 ='}
15.7853 	EXP 	New trial (rep=0, index=1): {'concept': 'mouse', 'photo': 'mouse2.jpg', 'distractQ': '26 x 23 ='}
15.7857 	EXP 	New trial (rep=0, index=2): {'concept': 'fish', 'photo': 'fish3.jpg', 'distractQ': '16 x 12 ='}
15.7861 	EXP 	New trial (rep=0, index=3): {'concept': 'pie', 'photo': 'pie1.jpg', 'distractQ': '82 x 31 ='}
15.7865 	EXP 	New trial (rep=0, index=4): {'concept': 'rabbit', 'photo': 'rabbit1.jpg', 'distractQ': '25 x 88 ='}
15.7869 	EXP 	New trial (rep=0, index=5): {'concept': 'fox', 'photo': 'fox1.jpg', 'distractQ': '74 x 57 ='}
15.7873 	EXP 	New trial (rep=0, index=6): {'concept': 'apples', 'photo': 'apples4.jpg', 'distractQ': '68 x 47 ='}
15.7876 	EXP 	New trial (rep=0, index=7): {'concept': 'lion', 'photo': 'lion1.jpg', 'distractQ': '11 x 83 ='}
15.7880 	EXP 	New trial (rep=0, index=8): {'concept': 'alligator', 'photo': 'alligator1.jpg', 'distractQ': '47 x 24 ='}
15.7884 	EXP 	New trial (rep=0, index=9): {'concept': 'bear', 'photo': 'bear1.jpg', 'distractQ': '49 x 43 ='}
15.7888 	EXP 	New trial (rep=0, index=10): {'concept': 'book', 'photo': 'book1.jpg', 'distractQ': '9 x 22 ='}
15.7892 	EXP 	New trial (rep=0, index=11): {'concept': 'turtle', 'photo': 'turtle3.jpg', 'distractQ': '80 x 11 ='}
15.7896 	EXP 	New trial (rep=0, index=12): {'concept': 'elephant', 'photo': 'elephant3.jpg', 'distractQ': '51 x 65 ='}
15.7901 	EXP 	New trial (rep=0, index=13): {'concept': 'train', 'photo': 'train1.jpg', 'distractQ': '96 x 22 ='}
15.7905 	EXP 	New trial (rep=0, index=14): {'concept': 'grapes', 'photo': 'grapes1.jpg', 'distractQ': '37 x 63 ='}
15.7909 	EXP 	New trial (rep=0, index=15): {'concept': 'banana', 'photo': 'banana1.jpg', 'distractQ': '84 x 54 ='}
15.7980 	DATA 	Keypress: space
15.8075 	EXP 	text: autoDraw = False
15.8075 	EXP 	text_3: autoDraw = True
18.1266 	DEBUG 	Read excel file with openpyxl: conditions.xlsx
18.1302 	EXP 	Imported conditions.xlsx as conditions, 16 conditions, 3 params
18.1307 	EXP 	Created sequence: random, trialTypes=16, nReps=1, seed=None
18.1310 	EXP 	New trial (rep=0, index=0): {'concept': 'cat', 'photo': 'cat1.jpg', 'distractQ': '77 x 21 ='}
18.1315 	EXP 	New trial (rep=0, index=1): {'concept': 'strawberries', 'photo': 'strawberries4.jpg', 'distractQ': '14 x 38 ='}
18.1319 	EXP 	New trial (rep=0, index=2): {'concept': 'bird', 'photo': 'bird3.jpg', 'distractQ': '17 x 87 ='}
18.1325 	EXP 	New trial (rep=0, index=3): {'concept': 'horse', 'photo': 'horse2.jpg', 'distractQ': '18 x 61 ='}
18.1330 	EXP 	New trial (rep=0, index=4): {'concept': 'pineapple', 'photo': 'pineapple1.jpg', 'distractQ': '44 x 75 ='}
18.1336 	EXP 	New trial (rep=0, index=5): {'concept': 'bike', 'photo': 'bike3.jpg', 'distractQ': '25 x 17 ='}
18.1340 	EXP 	New trial (rep=0, index=6): {'concept': 'leaves', 'photo': 'leaves1.jpg', 'distractQ': '87 x 7 ='}
18.1344 	EXP 	New trial (rep=0, index=7): {'concept': 'chairs', 'photo': 'chairs2.jpg', 'distractQ': '13 x 47 ='}
18.1348 	EXP 	New trial (rep=0, index=8): {'concept': 'carrots', 'photo': 'carrots1.jpg', 'distractQ': '44 x 4 ='}
18.1352 	EXP 	New trial (rep=0, index=9): {'concept': 'whale', 'photo': 'whale1.jpg', 'distractQ': '5 x 57 ='}
18.1356 	EXP 	New trial (rep=0, index=10): {'concept': 'camel', 'photo': 'camel1.jpg', 'distractQ': '44 x 84 ='}
18.1359 	EXP 	New trial (rep=0, index=11): {'concept': 'frog', 'photo': 'frog1.jpg', 'distractQ': '63 x 58 ='}
18.1363 	EXP 	New trial (rep=0, index=12): {'concept': 'phone', 'photo': 'phone1.jpg', 'distractQ': '86 x 12 ='}
18.1367 	EXP 	New trial (rep=0, index=13): {'concept': 'bridge', 'photo': 'bridge1.jpg', 'distractQ': '94 x 64 ='}
18.1370 	EXP 	New trial (rep=0, index=14): {'concept': 'bench', 'photo': 'bench1.jpg', 'distractQ': '18 x 74 ='}
18.1374 	EXP 	New trial (rep=0, index=15): {'concept': 'tree', 'photo': 'tree1.jpg', 'distractQ': '9 x 54 ='}
18.1494 	DEBUG 	Read excel file with openpyxl: conditions.xlsx
18.1530 	EXP 	Imported conditions.xlsx as conditions, 32 conditions, 3 params
18.1534 	EXP 	Created sequence: random, trialTypes=32, nReps=1, seed=None
18.1537 	EXP 	New trial (rep=0, index=0): {'concept': 'bear', 'photo': 'bear1.jpg', 'distractQ': '49 x 43 ='}
18.1652 	DATA 	Keypress: space
18.1757 	EXP 	text_3: autoDraw = False
18.1757 	EXP 	text_5: text = '49 x 43 ='
18.1757 	EXP 	text_5: autoDraw = True
18.1757 	EXP 	text_6: autoDraw = True
28.9847 	EXP 	New trial (rep=0, index=1): {'concept': 'elephant', 'photo': 'elephant3.jpg', 'distractQ': '51 x 65 ='}
28.9962 	DATA 	Keypress: return
29.0052 	EXP 	text_5: autoDraw = False
29.0052 	EXP 	text_6: autoDraw = False
29.0052 	EXP 	text_5: text = '51 x 65 ='
29.0052 	EXP 	text_5: autoDraw = True
29.0052 	EXP 	text_6: autoDraw = True
33.0172 	EXP 	New trial (rep=0, index=2): {'concept': 'car', 'photo': 'car1.jpg', 'distractQ': '77 x 21 ='}
33.0271 	DATA 	Keypress: return
33.0362 	EXP 	text_5: autoDraw = False
33.0362 	EXP 	text_6: autoDraw = False
33.0362 	EXP 	text_5: text = '77 x 21 ='
33.0362 	EXP 	text_5: autoDraw = True
33.0362 	EXP 	text_6: autoDraw = True
40.1010 	EXP 	New trial (rep=0, index=3): {'concept': 'lion', 'photo': 'lion1.jpg', 'distractQ': '11 x 83 ='}
40.1132 	DATA 	Keypress: return
40.1220 	EXP 	text_5: autoDraw = False
40.1220 	EXP 	text_6: autoDraw = False
40.1220 	EXP 	text_5: text = '11 x 83 ='
40.1220 	EXP 	text_5: autoDraw = True
40.1220 	EXP 	text_6: autoDraw = True
44.7850 	EXP 	New trial (rep=0, index=4): {'concept': 'apples', 'photo': 'apples4.jpg', 'distractQ': '68 x 47 ='}
44.7951 	DATA 	Keypress: return
44.8042 	EXP 	text_5: autoDraw = False
44.8042 	EXP 	text_6: autoDraw = False
44.8042 	EXP 	text_5: text = '68 x 47 ='
44.8042 	EXP 	text_5: autoDraw = True
44.8042 	EXP 	text_6: autoDraw = True
49.2839 	EXP 	New trial (rep=0, index=5): {'concept': 'alligator', 'photo': 'alligator1.jpg', 'distractQ': '47 x 24 ='}
49.2952 	DATA 	Keypress: return
49.3041 	EXP 	text_5: autoDraw = False
49.3041 	EXP 	text_6: autoDraw = False
49.3041 	EXP 	text_5: text = '47 x 24 ='
49.3041 	EXP 	text_5: autoDraw = True
49.3041 	EXP 	text_6: autoDraw = True
53.2010 	EXP 	New trial (rep=0, index=6): {'concept': 'leaves', 'photo': 'leaves1.jpg', 'distractQ': '87 x 7 ='}
53.2097 	DATA 	Keypress: return
53.2186 	EXP 	text_5: autoDraw = False
53.2186 	EXP 	text_6: autoDraw = False
53.2186 	EXP 	text_5: text = '87 x 7 ='
53.2186 	EXP 	text_5: autoDraw = True
53.2186 	EXP 	text_6: autoDraw = True
56.8665 	EXP 	New trial (rep=0, index=7): {'concept': 'whale', 'photo': 'whale1.jpg', 'distractQ': '5 x 57 ='}
56.8721 	DATA 	Keypress: return
56.8827 	EXP 	text_5: autoDraw = False
56.8827 	EXP 	text_6: autoDraw = False
56.8827 	EXP 	text_5: text = '5 x 57 ='
56.8827 	EXP 	text_5: autoDraw = True
56.8827 	EXP 	text_6: autoDraw = True
59.0505 	EXP 	New trial (rep=0, index=8): {'concept': 'cat', 'photo': 'cat1.jpg', 'distractQ': '77 x 21 ='}
59.0592 	DATA 	Keypress: return
59.0686 	EXP 	text_5: autoDraw = False
59.0686 	EXP 	text_6: autoDraw = False
59.0686 	EXP 	text_5: text = '77 x 21 ='
59.0686 	EXP 	text_5: autoDraw = True
59.0686 	EXP 	text_6: autoDraw = True
60.2794 	EXP 	New trial (rep=0, index=9): {'concept': 'camel', 'photo': 'camel1.jpg', 'distractQ': '44 x 84 ='}
60.2858 	DATA 	Keypress: return
60.2993 	EXP 	text_5: autoDraw = False
60.2993 	EXP 	text_6: autoDraw = False
60.2993 	EXP 	text_5: text = '44 x 84 ='
60.2993 	EXP 	text_5: autoDraw = True
60.2993 	EXP 	text_6: autoDraw = True
60.9679 	EXP 	New trial (rep=0, index=10): {'concept': 'chairs', 'photo': 'chairs2.jpg', 'distractQ': '13 x 47 ='}
60.9767 	DATA 	Keypress: return
60.9858 	EXP 	text_5: autoDraw = False
60.9858 	EXP 	text_6: autoDraw = False
60.9858 	EXP 	text_5: text = '13 x 47 ='
60.9858 	EXP 	text_5: autoDraw = True
60.9858 	EXP 	text_6: autoDraw = True
61.5552 	EXP 	New trial (rep=0, index=11): {'concept': 'bridge', 'photo': 'bridge1.jpg', 'distractQ': '94 x 64 ='}
61.5644 	DATA 	Keypress: return
61.5740 	EXP 	text_5: autoDraw = False
61.5740 	EXP 	text_6: autoDraw = False
61.5740 	EXP 	text_5: text = '94 x 64 ='
61.5740 	EXP 	text_5: autoDraw = True
61.5740 	EXP 	text_6: autoDraw = True
62.3840 	EXP 	New trial (rep=0, index=12): {'concept': 'tree', 'photo': 'tree1.jpg', 'distractQ': '9 x 54 ='}
62.3903 	DATA 	Keypress: return
62.4007 	EXP 	text_5: autoDraw = False
62.4007 	EXP 	text_6: autoDraw = False
62.4007 	EXP 	text_5: text = '9 x 54 ='
62.4007 	EXP 	text_5: autoDraw = True
62.4007 	EXP 	text_6: autoDraw = True
63.8028 	DATA 	Keypress: escape
64.4001 	EXP 	window1: mouseVisible = True
64.4002 	DEBUG 	Saving data for df_e1 ExperimentHandler
64.4039 	INFO 	saved data to /Users/rebeccalurie 1/Dropbox/grad/df/df_recallonly/data/_df_e1_2021_Mar_08_1218.psydat
64.5245 	INFO 	saved data to '/Users/rebeccalurie 1/Dropbox/grad/df/df_recallonly/data/_df_e1_2021_Mar_08_1218.csv'
