0.5510 	WARNING 	We strongly recommend you activate the PTB sound engine in PsychoPy prefs as the preferred audio engine. Its timing is vastly superior. Your prefs are currently set to use ['sounddevice', 'pyo', 'pygame'] (in that order).
6.6603 	INFO 	Loaded monitor calibration from ['2019_04_18 11:35']
7.5731 	EXP 	Created window1 = Window(allowGUI=False, allowStencil=False, autoLog=True, backendConf=UNKNOWN, bitsMode=UNKNOWN, blendMode='avg', bpc=(8, 8, 8), color=array([1, 1, 1]), colorSpace='rgb', depthBits=8, fullscr=<method-wrapper '__getattribute__' of attributeSetter object at 0x7ffbcbfaeb38>, gamma=None, gammaErrorPolicy='raise', lms=UNKNOWN, monitor=<psychopy.monitors.calibTools.Monitor object at 0x7ffbcbb62a90>, multiSample=False, name='window1', numSamples=2, pos=[360.0, 225.0], screen=0, size=array([2880, 1800]), stencilBits=0, stereo=False, units='norm', useFBO=True, useRetina=True, viewOri=0.0, viewPos=None, viewScale=None, waitBlanking=True, winType='pyglet')
7.5735 	EXP 	window1: mouseVisible = True
7.5736 	EXP 	window1: recordFrameIntervals = False
7.7384 	EXP 	window1: recordFrameIntervals = True
8.0046 	DEBUG 	Screen (0) actual frame rate measured at 60.32
8.0046 	EXP 	window1: recordFrameIntervals = False
8.9011 	EXP 	Created ins = TextStim(__class__=<class 'psychopy.visual.text.TextStim'>, alignHoriz=method-wrapper(...), alignText='center', alignVert=method-wrapper(...), anchorHoriz='center', anchorVert='center', antialias=True, autoLog=True, bold=False, color=array([-1, -1, -1]), colorSpace='rgb', contrast=1.0, depth=-1.0, flipHoriz=False, flipVert=False, font='Open Sans', fontFiles=[], height=0.1, italic=False, languageStyle='LTR', name='ins', opacity=1, ori=0.0, pos=array([0., 0.]), rgb=UNKNOWN, text=str(...), units='norm', win=Window(...), wrapWidth=1.5)
8.9058 	EXP 	Created con1 = TextStim(__class__=<class 'psychopy.visual.text.TextStim'>, alignHoriz=method-wrapper(...), alignText='center', alignVert=method-wrapper(...), anchorHoriz='center', anchorVert='center', antialias=True, autoLog=True, bold=False, color=array([-1, -1, -1]), colorSpace='rgb', contrast=1.0, depth=-2.0, flipHoriz=False, flipVert=False, font='Open Sans', fontFiles=[], height=0.1, italic=False, languageStyle='LTR', name='con1', opacity=1, ori=0.0, pos=array([ 0. , -0.7]), rgb=UNKNOWN, text='Press the spacebar to continue.', units='norm', win=Window(...), wrapWidth=1)
8.9196 	EXP 	Created text = TextStim(__class__=<class 'psychopy.visual.text.TextStim'>, alignHoriz=method-wrapper(...), alignText='center', alignVert=method-wrapper(...), anchorHoriz='center', anchorVert='center', antialias=True, autoLog=True, bold=False, color=array([-1, -1, -1]), colorSpace='rgb', contrast=1.0, depth=0.0, flipHoriz=False, flipVert=False, font='Open Sans', fontFiles=[], height=0.1, italic=False, languageStyle='LTR', name='text', opacity=1, ori=0.0, pos=array([0., 0.]), rgb=UNKNOWN, text=str(...), units='norm', win=Window(...), wrapWidth=1.5)
9.3437 	EXP 	Created text_3 = TextStim(__class__=<class 'psychopy.visual.text.TextStim'>, alignHoriz=method-wrapper(...), alignText='center', alignVert=method-wrapper(...), anchorHoriz='center', anchorVert='center', antialias=True, autoLog=True, bold=False, color=array([-1, -1, -1]), colorSpace='rgb', contrast=1.0, depth=0.0, flipHoriz=False, flipVert=False, font='Open Sans', fontFiles=[], height=0.1, italic=False, languageStyle='LTR', name='text_3', opacity=1, ori=0.0, pos=array([0., 0.]), rgb=UNKNOWN, text=str(...), units='norm', win=Window(...), wrapWidth=1.5)
9.7405 	EXP 	Created text_2 = TextStim(__class__=<class 'psychopy.visual.text.TextStim'>, alignHoriz=method-wrapper(...), alignText='center', alignVert=method-wrapper(...), anchorHoriz='center', anchorVert='center', antialias=True, autoLog=True, bold=False, color=array([-1, -1, -1]), colorSpace='rgb', contrast=1.0, depth=0.0, flipHoriz=False, flipVert=False, font='Open Sans', fontFiles=[], height=0.1, italic=False, languageStyle='LTR', name='text_2', opacity=1, ori=0.0, pos=array([0., 0.]), rgb=UNKNOWN, text=str(...), units='norm', win=Window(...), wrapWidth=1.5)
10.1557 	DEBUG 	TextBox2 loaded 1 chars with 0 blanks and 1 valid
10.1562 	DEBUG 	TextBox2 loaded 1 chars with 0 blanks and 1 valid
10.1572 	DEBUG 	TextBox2 loaded 1 chars with 0 blanks and 1 valid
10.1576 	DEBUG 	TextBox2 loaded 1 chars with 0 blanks and 1 valid
10.1587 	DEBUG 	TextBox2 loaded 1 chars with 0 blanks and 1 valid
10.1596 	DEBUG 	TextBox2 loaded 1 chars with 0 blanks and 1 valid
10.1604 	DEBUG 	TextBox2 loaded 1 chars with 0 blanks and 1 valid
10.1612 	DEBUG 	TextBox2 loaded 1 chars with 0 blanks and 1 valid
10.1613 	DEBUG 	Uploading Texture Font fontname to graphics card
10.1652 	DEBUG 	Upload of Texture Font fontname complete
10.1654 	EXP 	window1: mouseVisible = True
10.5889 	EXP 	Created text_4 = TextStim(__class__=<class 'psychopy.visual.text.TextStim'>, alignHoriz=method-wrapper(...), alignText='center', alignVert=method-wrapper(...), anchorHoriz='center', anchorVert='center', antialias=True, autoLog=True, bold=False, color=array([-1, -1, -1]), colorSpace='rgb', contrast=1.0, depth=-3.0, flipHoriz=False, flipVert=False, font='Open Sans', fontFiles=[], height=0.1, italic=False, languageStyle='LTR', name='text_4', opacity=1, ori=0.0, pos=array([0. , 0.8]), rgb=UNKNOWN, text='Type your answers below:', units='norm', win=Window(...), wrapWidth=1)
10.6096 	EXP 	textbox: autoLog = True
10.6096 	EXP 	ins: autoDraw = True
12.5883 	EXP 	con1: autoDraw = True
12.9482 	DATA 	Keypress: space
12.9600 	EXP 	ins: autoDraw = False
12.9600 	EXP 	con1: autoDraw = False
12.9600 	EXP 	text: autoDraw = True
14.6967 	DATA 	Keypress: space
15.5027 	DEBUG 	Read excel file with openpyxl: conditions.xlsx
15.5051 	EXP 	Imported conditions.xlsx as conditions, 16 conditions, 2 params
15.5056 	EXP 	Created sequence: random, trialTypes=16, nReps=1, seed=None
15.5061 	EXP 	New trial (rep=0, index=0): {'concept': 'fish', 'photo': 'fish3.jpg'}
15.5066 	EXP 	New trial (rep=0, index=1): {'concept': 'cat', 'photo': 'cat1.jpg'}
15.5071 	EXP 	New trial (rep=0, index=2): {'concept': 'bike', 'photo': 'bike3.jpg'}
15.5074 	EXP 	New trial (rep=0, index=3): {'concept': 'horse', 'photo': 'horse2.jpg'}
15.5078 	EXP 	New trial (rep=0, index=4): {'concept': 'banana', 'photo': 'banana1.jpg'}
15.5082 	EXP 	New trial (rep=0, index=5): {'concept': 'bridge', 'photo': 'bridge1.jpg'}
15.5085 	EXP 	New trial (rep=0, index=6): {'concept': 'camel', 'photo': 'camel1.jpg'}
15.5089 	EXP 	New trial (rep=0, index=7): {'concept': 'pineapple', 'photo': 'pineapple1.jpg'}
15.5093 	EXP 	New trial (rep=0, index=8): {'concept': 'chairs', 'photo': 'chairs2.jpg'}
15.5096 	EXP 	New trial (rep=0, index=9): {'concept': 'strawberries', 'photo': 'strawberries4.jpg'}
15.5100 	EXP 	New trial (rep=0, index=10): {'concept': 'mouse', 'photo': 'mouse2.jpg'}
15.5104 	EXP 	New trial (rep=0, index=11): {'concept': 'fox', 'photo': 'fox1.jpg'}
15.5107 	EXP 	New trial (rep=0, index=12): {'concept': 'carrots', 'photo': 'carrots1.jpg'}
15.5111 	EXP 	New trial (rep=0, index=13): {'concept': 'apples', 'photo': 'apples4.jpg'}
15.5114 	EXP 	New trial (rep=0, index=14): {'concept': 'lion', 'photo': 'lion1.jpg'}
15.5118 	EXP 	New trial (rep=0, index=15): {'concept': 'train', 'photo': 'train1.jpg'}
15.5150 	DATA 	Keypress: space
15.5243 	EXP 	text: autoDraw = False
15.5243 	EXP 	text_3: autoDraw = True
16.9587 	DATA 	Keypress: space
17.8810 	DEBUG 	Read excel file with openpyxl: conditions.xlsx
17.8846 	EXP 	Imported conditions.xlsx as conditions, 16 conditions, 2 params
17.8851 	EXP 	Created sequence: random, trialTypes=16, nReps=1, seed=None
17.8854 	EXP 	New trial (rep=0, index=0): {'concept': 'bear', 'photo': 'bear1.jpg'}
17.8860 	EXP 	New trial (rep=0, index=1): {'concept': 'rabbit', 'photo': 'rabbit1.jpg'}
17.8864 	EXP 	New trial (rep=0, index=2): {'concept': 'leaves', 'photo': 'leaves1.jpg'}
17.8868 	EXP 	New trial (rep=0, index=3): {'concept': 'alligator', 'photo': 'alligator1.jpg'}
17.8872 	EXP 	New trial (rep=0, index=4): {'concept': 'bird', 'photo': 'bird3.jpg'}
17.8875 	EXP 	New trial (rep=0, index=5): {'concept': 'whale', 'photo': 'whale1.jpg'}
17.8879 	EXP 	New trial (rep=0, index=6): {'concept': 'turtle', 'photo': 'turtle3.jpg'}
17.8883 	EXP 	New trial (rep=0, index=7): {'concept': 'book', 'photo': 'book1.jpg'}
17.8887 	EXP 	New trial (rep=0, index=8): {'concept': 'elephant', 'photo': 'elephant3.jpg'}
17.8892 	EXP 	New trial (rep=0, index=9): {'concept': 'tree', 'photo': 'tree1.jpg'}
17.8897 	EXP 	New trial (rep=0, index=10): {'concept': 'phone', 'photo': 'phone1.jpg'}
17.8900 	EXP 	New trial (rep=0, index=11): {'concept': 'frog', 'photo': 'frog1.jpg'}
17.8904 	EXP 	New trial (rep=0, index=12): {'concept': 'bench', 'photo': 'bench1.jpg'}
17.8908 	EXP 	New trial (rep=0, index=13): {'concept': 'grapes', 'photo': 'grapes1.jpg'}
17.8911 	EXP 	New trial (rep=0, index=14): {'concept': 'pie', 'photo': 'pie1.jpg'}
17.8915 	EXP 	New trial (rep=0, index=15): {'concept': 'car', 'photo': 'car1.jpg'}
17.8947 	DATA 	Keypress: space
17.9047 	EXP 	text_3: autoDraw = False
17.9047 	EXP 	text_2: autoDraw = True
20.1627 	DEBUG 	TextBox2 loaded 1 chars with 0 blanks and 1 valid
20.1629 	DEBUG 	Uploading Texture Font fontname to graphics card
20.1693 	DEBUG 	Upload of Texture Font fontname complete
20.1696 	DATA 	Keypress: space
20.1789 	EXP 	text_2: autoDraw = False
20.1789 	EXP 	textbox: autoDraw = True
20.1789 	EXP 	text_4: autoDraw = True
23.0175 	DEBUG 	TextBox2 loaded 1 chars with 0 blanks and 1 valid
23.0177 	DEBUG 	Uploading Texture Font fontname to graphics card
23.0222 	DEBUG 	Upload of Texture Font fontname complete
23.0228 	DATA 	Keypress: f
23.2586 	DEBUG 	TextBox2 loaded 1 chars with 0 blanks and 1 valid
23.2588 	DEBUG 	Uploading Texture Font fontname to graphics card
23.2607 	DEBUG 	Upload of Texture Font fontname complete
23.2612 	DATA 	Keypress: d
23.2953 	DEBUG 	TextBox2 loaded 1 chars with 0 blanks and 1 valid
23.2954 	DEBUG 	Uploading Texture Font fontname to graphics card
23.2966 	DEBUG 	Upload of Texture Font fontname complete
23.2972 	DATA 	Keypress: g
23.3452 	DATA 	Keypress: f
23.5046 	DEBUG 	TextBox2 loaded 1 chars with 0 blanks and 1 valid
23.5047 	DEBUG 	Uploading Texture Font fontname to graphics card
23.5066 	DEBUG 	Upload of Texture Font fontname complete
23.5070 	DATA 	Keypress: s
23.7103 	DEBUG 	TextBox2 loaded 1 chars with 0 blanks and 1 valid
23.7104 	DEBUG 	Uploading Texture Font fontname to graphics card
23.7116 	DEBUG 	Upload of Texture Font fontname complete
23.7120 	DATA 	Keypress: return
24.0242 	DATA 	Keypress: f
24.1049 	DATA 	Keypress: s
24.1741 	DATA 	Keypress: d
24.1891 	DEBUG 	TextBox2 loaded 1 chars with 0 blanks and 1 valid
24.1893 	DEBUG 	Uploading Texture Font fontname to graphics card
24.1903 	DEBUG 	Upload of Texture Font fontname complete
24.1907 	DATA 	Keypress: h
24.3765 	DEBUG 	TextBox2 loaded 1 chars with 0 blanks and 1 valid
24.3766 	DEBUG 	Uploading Texture Font fontname to graphics card
24.3777 	DEBUG 	Upload of Texture Font fontname complete
24.3781 	DATA 	Keypress: j
24.4003 	DATA 	Keypress: f
24.5010 	DATA 	Keypress: h
24.5175 	DATA 	Keypress: s
24.7615 	DATA 	Keypress: return
25.0750 	DATA 	Keypress: f
25.1091 	DATA 	Keypress: g
25.1978 	DATA 	Keypress: s
25.2808 	DATA 	Keypress: d
25.2838 	DATA 	Keypress: j
25.3003 	DATA 	Keypress: h
25.4113 	DATA 	Keypress: f
25.4260 	DATA 	Keypress: g
25.5320 	DATA 	Keypress: s
25.7657 	DATA 	Keypress: return
26.0002 	DATA 	Keypress: f
26.0823 	DATA 	Keypress: s
26.0972 	DATA 	Keypress: g
26.1679 	DATA 	Keypress: d
26.2932 	DATA 	Keypress: f
26.2958 	DATA 	Keypress: j
26.6640 	DATA 	Keypress: return
26.9082 	DATA 	Keypress: f
27.0251 	DATA 	Keypress: s
27.0278 	DATA 	Keypress: d
27.0924 	DATA 	Keypress: j
27.4901 	DATA 	Keypress: return
27.7559 	DATA 	Keypress: f
27.8154 	DATA 	Keypress: s
27.8188 	DATA 	Keypress: h
27.8213 	DATA 	Keypress: d
27.9346 	DEBUG 	TextBox2 loaded 1 chars with 0 blanks and 1 valid
27.9347 	DEBUG 	Uploading Texture Font fontname to graphics card
27.9356 	DEBUG 	Upload of Texture Font fontname complete
27.9361 	DATA 	Keypress: k
27.9397 	DATA 	Keypress: j
29.7829 	DATA 	Mouse: Left button down, pos=(715,91)
30.3317 	EXP 	window1: mouseVisible = True
30.3353 	DEBUG 	Saving data for df_e1 ExperimentHandler
30.3366 	INFO 	saved data to /Users/rebeccalurie 1/Dropbox/grad/df/df_recallonly/data/_df_e1_2021_Mar_04_1707.psydat
30.3411 	INFO 	saved data to '/Users/rebeccalurie 1/Dropbox/grad/df/df_recallonly/data/_df_e1_2021_Mar_04_1707.csv'
