0.5112 	WARNING 	We strongly recommend you activate the PTB sound engine in PsychoPy prefs as the preferred audio engine. Its timing is vastly superior. Your prefs are currently set to use ['sounddevice', 'pyo', 'pygame'] (in that order).
7.2146 	INFO 	Loaded monitor calibration from ['2019_04_18 11:35']
8.1664 	EXP 	Created window1 = Window(allowGUI=False, allowStencil=False, autoLog=True, backendConf=UNKNOWN, bitsMode=UNKNOWN, blendMode='avg', bpc=(8, 8, 8), color=array([1, 1, 1]), colorSpace='rgb', depthBits=8, fullscr=<method-wrapper '__getattribute__' of attributeSetter object at 0x7fd66978fb00>, gamma=None, gammaErrorPolicy='raise', lms=UNKNOWN, monitor=<psychopy.monitors.calibTools.Monitor object at 0x7fd669386a20>, multiSample=False, name='window1', numSamples=2, pos=[360.0, 225.0], screen=0, size=array([2880, 1800]), stencilBits=0, stereo=False, units='norm', useFBO=True, useRetina=True, viewOri=0.0, viewPos=None, viewScale=None, waitBlanking=True, winType='pyglet')
8.1667 	EXP 	window1: mouseVisible = True
8.1667 	EXP 	window1: recordFrameIntervals = False
8.3345 	EXP 	window1: recordFrameIntervals = True
8.5173 	DEBUG 	Screen (0) actual frame rate measured at 59.62
8.5173 	EXP 	window1: recordFrameIntervals = False
9.4942 	EXP 	Created ins = TextStim(__class__=<class 'psychopy.visual.text.TextStim'>, alignHoriz=method-wrapper(...), alignText='center', alignVert=method-wrapper(...), anchorHoriz='center', anchorVert='center', antialias=True, autoLog=True, bold=False, color=array([-1, -1, -1]), colorSpace='rgb', contrast=1.0, depth=-1.0, flipHoriz=False, flipVert=False, font='Open Sans', fontFiles=[], height=0.1, italic=False, languageStyle='LTR', name='ins', opacity=1, ori=0.0, pos=array([0., 0.]), rgb=UNKNOWN, text=str(...), units='norm', win=Window(...), wrapWidth=0.9)
9.4988 	EXP 	Created con1 = TextStim(__class__=<class 'psychopy.visual.text.TextStim'>, alignHoriz=method-wrapper(...), alignText='center', alignVert=method-wrapper(...), anchorHoriz='center', anchorVert='center', antialias=True, autoLog=True, bold=False, color=array([-1, -1, -1]), colorSpace='rgb', contrast=1.0, depth=-2.0, flipHoriz=False, flipVert=False, font='Open Sans', fontFiles=[], height=0.1, italic=False, languageStyle='LTR', name='con1', opacity=1, ori=0.0, pos=array([ 0. , -0.7]), rgb=UNKNOWN, text='Press the spacebar to continue.', units='norm', win=Window(...), wrapWidth=1)
9.5106 	EXP 	Created text = TextStim(__class__=<class 'psychopy.visual.text.TextStim'>, alignHoriz=method-wrapper(...), alignText='center', alignVert=method-wrapper(...), anchorHoriz='center', anchorVert='center', antialias=True, autoLog=True, bold=False, color=array([-1, -1, -1]), colorSpace='rgb', contrast=1.0, depth=0.0, flipHoriz=False, flipVert=False, font='Open Sans', fontFiles=[], height=0.1, italic=False, languageStyle='LTR', name='text', opacity=1, ori=0.0, pos=array([0., 0.]), rgb=UNKNOWN, text=str(...), units='norm', win=Window(...), wrapWidth=1.5)
9.9297 	EXP 	Created text_3 = TextStim(__class__=<class 'psychopy.visual.text.TextStim'>, alignHoriz=method-wrapper(...), alignText='center', alignVert=method-wrapper(...), anchorHoriz='center', anchorVert='center', antialias=True, autoLog=True, bold=False, color=array([-1, -1, -1]), colorSpace='rgb', contrast=1.0, depth=0.0, flipHoriz=False, flipVert=False, font='Open Sans', fontFiles=[], height=0.1, italic=False, languageStyle='LTR', name='text_3', opacity=1, ori=0.0, pos=array([0., 0.]), rgb=UNKNOWN, text=str(...), units='norm', win=Window(...), wrapWidth=1.5)
10.3375 	EXP 	Created text_2 = TextStim(__class__=<class 'psychopy.visual.text.TextStim'>, alignHoriz=method-wrapper(...), alignText='center', alignVert=method-wrapper(...), anchorHoriz='center', anchorVert='center', antialias=True, autoLog=True, bold=False, color=array([-1, -1, -1]), colorSpace='rgb', contrast=1.0, depth=0.0, flipHoriz=False, flipVert=False, font='Open Sans', fontFiles=[], height=0.1, italic=False, languageStyle='LTR', name='text_2', opacity=1, ori=0.0, pos=array([0., 0.]), rgb=UNKNOWN, text=str(...), units='norm', win=Window(...), wrapWidth=1.5)
10.7948 	DEBUG 	TextBox2 loaded 1 chars with 0 blanks and 1 valid
10.7957 	DEBUG 	TextBox2 loaded 1 chars with 0 blanks and 1 valid
10.7973 	DEBUG 	TextBox2 loaded 1 chars with 0 blanks and 1 valid
10.7980 	DEBUG 	TextBox2 loaded 1 chars with 0 blanks and 1 valid
10.7998 	DEBUG 	TextBox2 loaded 1 chars with 0 blanks and 1 valid
10.8015 	DEBUG 	TextBox2 loaded 1 chars with 0 blanks and 1 valid
10.8027 	DEBUG 	TextBox2 loaded 1 chars with 0 blanks and 1 valid
10.8042 	DEBUG 	TextBox2 loaded 1 chars with 0 blanks and 1 valid
10.8044 	DEBUG 	Uploading Texture Font fontname to graphics card
10.8095 	DEBUG 	Upload of Texture Font fontname complete
10.8098 	EXP 	window1: mouseVisible = True
11.2627 	EXP 	Created text_4 = TextStim(__class__=<class 'psychopy.visual.text.TextStim'>, alignHoriz=method-wrapper(...), alignText='center', alignVert=method-wrapper(...), anchorHoriz='center', anchorVert='center', antialias=True, autoLog=True, bold=False, color=array([-1, -1, -1]), colorSpace='rgb', contrast=1.0, depth=-3.0, flipHoriz=False, flipVert=False, font='Open Sans', fontFiles=[], height=0.1, italic=False, languageStyle='LTR', name='text_4', opacity=1, ori=0.0, pos=array([0. , 0.8]), rgb=UNKNOWN, text='Type your answers below:', units='norm', win=Window(...), wrapWidth=1)
11.2794 	EXP 	textbox: autoLog = True
11.2794 	EXP 	ins: autoDraw = True
13.2659 	EXP 	con1: autoDraw = True
14.5264 	DATA 	Keypress: space
14.5376 	EXP 	ins: autoDraw = False
14.5376 	EXP 	con1: autoDraw = False
14.5376 	EXP 	text: autoDraw = True
18.0132 	DEBUG 	Read excel file with openpyxl: conditions.xlsx
18.0159 	EXP 	Imported conditions.xlsx as conditions, 16 conditions, 2 params
18.0167 	EXP 	Created sequence: random, trialTypes=16, nReps=1, seed=None
18.0171 	EXP 	New trial (rep=0, index=0): {'concept': 'camel', 'photo': 'camel1.jpg'}
18.0176 	EXP 	New trial (rep=0, index=1): {'concept': 'pineapple', 'photo': 'pineapple1.jpg'}
18.0180 	EXP 	New trial (rep=0, index=2): {'concept': 'fish', 'photo': 'fish3.jpg'}
18.0184 	EXP 	New trial (rep=0, index=3): {'concept': 'leaves', 'photo': 'leaves1.jpg'}
18.0187 	EXP 	New trial (rep=0, index=4): {'concept': 'bird', 'photo': 'bird3.jpg'}
18.0191 	EXP 	New trial (rep=0, index=5): {'concept': 'fox', 'photo': 'fox1.jpg'}
18.0196 	EXP 	New trial (rep=0, index=6): {'concept': 'lion', 'photo': 'lion1.jpg'}
18.0200 	EXP 	New trial (rep=0, index=7): {'concept': 'bridge', 'photo': 'bridge1.jpg'}
18.0203 	EXP 	New trial (rep=0, index=8): {'concept': 'phone', 'photo': 'phone1.jpg'}
18.0208 	EXP 	New trial (rep=0, index=9): {'concept': 'car', 'photo': 'car1.jpg'}
18.0211 	EXP 	New trial (rep=0, index=10): {'concept': 'alligator', 'photo': 'alligator1.jpg'}
18.0216 	EXP 	New trial (rep=0, index=11): {'concept': 'pie', 'photo': 'pie1.jpg'}
18.0220 	EXP 	New trial (rep=0, index=12): {'concept': 'cat', 'photo': 'cat1.jpg'}
18.0224 	EXP 	New trial (rep=0, index=13): {'concept': 'whale', 'photo': 'whale1.jpg'}
18.0229 	EXP 	New trial (rep=0, index=14): {'concept': 'chairs', 'photo': 'chairs2.jpg'}
18.0232 	EXP 	New trial (rep=0, index=15): {'concept': 'train', 'photo': 'train1.jpg'}
18.0308 	DATA 	Keypress: space
18.0400 	EXP 	text: autoDraw = False
18.0400 	EXP 	text_3: autoDraw = True
20.4100 	DEBUG 	Read excel file with openpyxl: conditions.xlsx
20.4131 	EXP 	Imported conditions.xlsx as conditions, 16 conditions, 2 params
20.4136 	EXP 	Created sequence: random, trialTypes=16, nReps=1, seed=None
20.4139 	EXP 	New trial (rep=0, index=0): {'concept': 'horse', 'photo': 'horse2.jpg'}
20.4144 	EXP 	New trial (rep=0, index=1): {'concept': 'book', 'photo': 'book1.jpg'}
20.4148 	EXP 	New trial (rep=0, index=2): {'concept': 'turtle', 'photo': 'turtle3.jpg'}
20.4152 	EXP 	New trial (rep=0, index=3): {'concept': 'banana', 'photo': 'banana1.jpg'}
20.4155 	EXP 	New trial (rep=0, index=4): {'concept': 'strawberries', 'photo': 'strawberries4.jpg'}
20.4159 	EXP 	New trial (rep=0, index=5): {'concept': 'apples', 'photo': 'apples4.jpg'}
20.4164 	EXP 	New trial (rep=0, index=6): {'concept': 'carrots', 'photo': 'carrots1.jpg'}
20.4168 	EXP 	New trial (rep=0, index=7): {'concept': 'bench', 'photo': 'bench1.jpg'}
20.4171 	EXP 	New trial (rep=0, index=8): {'concept': 'rabbit', 'photo': 'rabbit1.jpg'}
20.4175 	EXP 	New trial (rep=0, index=9): {'concept': 'frog', 'photo': 'frog1.jpg'}
20.4179 	EXP 	New trial (rep=0, index=10): {'concept': 'mouse', 'photo': 'mouse2.jpg'}
20.4182 	EXP 	New trial (rep=0, index=11): {'concept': 'bear', 'photo': 'bear1.jpg'}
20.4186 	EXP 	New trial (rep=0, index=12): {'concept': 'bike', 'photo': 'bike3.jpg'}
20.4189 	EXP 	New trial (rep=0, index=13): {'concept': 'elephant', 'photo': 'elephant3.jpg'}
20.4193 	EXP 	New trial (rep=0, index=14): {'concept': 'grapes', 'photo': 'grapes1.jpg'}
20.4197 	EXP 	New trial (rep=0, index=15): {'concept': 'tree', 'photo': 'tree1.jpg'}
20.4230 	DATA 	Keypress: space
20.4328 	EXP 	text_3: autoDraw = False
20.4328 	EXP 	text_2: autoDraw = True
21.3850 	DATA 	Keypress: space
22.2877 	DATA 	Keypress: space
23.5083 	DEBUG 	TextBox2 loaded 1 chars with 0 blanks and 1 valid
23.5085 	DEBUG 	Uploading Texture Font fontname to graphics card
23.5161 	DEBUG 	Upload of Texture Font fontname complete
23.5164 	DATA 	Keypress: space
23.5259 	EXP 	text_2: autoDraw = False
23.5259 	EXP 	textbox: autoDraw = True
23.5259 	EXP 	text_4: autoDraw = True
25.2893 	DATA 	Keypress: backspace
25.5591 	DATA 	Keypress: backspace
31.8368 	DEBUG 	TextBox2 loaded 1 chars with 0 blanks and 1 valid
31.8369 	DEBUG 	Uploading Texture Font fontname to graphics card
31.8423 	DEBUG 	Upload of Texture Font fontname complete
31.8429 	DATA 	Keypress: j
31.8470 	DEBUG 	TextBox2 loaded 1 chars with 0 blanks and 1 valid
31.8472 	DEBUG 	Uploading Texture Font fontname to graphics card
31.8501 	DEBUG 	Upload of Texture Font fontname complete
31.8507 	DATA 	Keypress: f
32.0185 	DEBUG 	TextBox2 loaded 1 chars with 0 blanks and 1 valid
32.0186 	DEBUG 	Uploading Texture Font fontname to graphics card
32.0197 	DEBUG 	Upload of Texture Font fontname complete
32.0203 	DATA 	Keypress: d
32.0457 	DEBUG 	TextBox2 loaded 1 chars with 0 blanks and 1 valid
32.0458 	DEBUG 	Uploading Texture Font fontname to graphics card
32.0481 	DEBUG 	Upload of Texture Font fontname complete
32.0487 	DATA 	Keypress: s
32.0516 	DATA 	Keypress: j
32.1429 	DEBUG 	TextBox2 loaded 1 chars with 0 blanks and 1 valid
32.1431 	DEBUG 	Uploading Texture Font fontname to graphics card
32.1443 	DEBUG 	Upload of Texture Font fontname complete
32.1448 	DATA 	Keypress: h
32.1893 	DATA 	Keypress: f
32.2634 	DEBUG 	TextBox2 loaded 1 chars with 0 blanks and 1 valid
32.2636 	DEBUG 	Uploading Texture Font fontname to graphics card
32.2647 	DEBUG 	Upload of Texture Font fontname complete
32.2653 	DATA 	Keypress: k
32.3418 	DATA 	Keypress: s
32.6219 	DEBUG 	TextBox2 loaded 1 chars with 0 blanks and 1 valid
32.6220 	DEBUG 	Uploading Texture Font fontname to graphics card
32.6232 	DEBUG 	Upload of Texture Font fontname complete
32.6236 	DATA 	Keypress: return
32.9918 	DATA 	Keypress: f
33.0569 	DATA 	Keypress: j
33.0795 	DATA 	Keypress: s
33.1541 	DATA 	Keypress: d
33.1831 	DATA 	Keypress: k
33.2868 	DATA 	Keypress: f
33.4213 	DATA 	Keypress: s
33.6361 	DATA 	Keypress: return
34.0601 	DATA 	Keypress: f
34.0959 	DATA 	Keypress: h
34.1913 	DATA 	Keypress: s
34.2149 	DATA 	Keypress: d
34.2518 	DATA 	Keypress: j
34.3411 	DATA 	Keypress: f
34.4793 	DATA 	Keypress: s
34.7326 	DATA 	Keypress: return
35.0987 	DATA 	Keypress: f
35.2010 	DATA 	Keypress: s
35.2368 	DATA 	Keypress: j
35.2892 	DATA 	Keypress: d
35.4015 	DATA 	Keypress: f
35.4564 	DATA 	Keypress: h
35.4598 	DATA 	Keypress: k
35.5431 	DATA 	Keypress: s
35.8020 	DATA 	Keypress: return
37.8060 	DATA 	Mouse: Left button down, pos=(728,106)
38.4077 	EXP 	window1: mouseVisible = True
38.4126 	DEBUG 	Saving data for df_e1 ExperimentHandler
38.4157 	INFO 	saved data to /Users/rebeccalurie 1/Dropbox/grad/df/df_recallonly/data/_df_e1_2021_Mar_04_1706.psydat
38.4467 	INFO 	saved data to '/Users/rebeccalurie 1/Dropbox/grad/df/df_recallonly/data/_df_e1_2021_Mar_04_1706.csv'
