0.6383 	WARNING 	We strongly recommend you activate the PTB sound engine in PsychoPy prefs as the preferred audio engine. Its timing is vastly superior. Your prefs are currently set to use ['sounddevice', 'pyo', 'pygame'] (in that order).
17.5170 	INFO 	Loaded monitor calibration from ['2019_04_18 11:35']
20.3996 	WARNING 	Couldn't measure a consistent frame rate.
  - Is your graphics card set to sync to vertical blank?
  - Are you running other processes on your computer?

20.4005 	EXP 	Created window1 = Window(allowGUI=False, allowStencil=False, autoLog=True, backendConf=UNKNOWN, bitsMode=UNKNOWN, blendMode='avg', bpc=(8, 8, 8), color=array([1, 1, 1]), colorSpace='rgb', depthBits=8, fullscr=<method-wrapper '__getattribute__' of attributeSetter object at 0x7fd5156cbba8>, gamma=None, gammaErrorPolicy='raise', lms=UNKNOWN, monitor=<psychopy.monitors.calibTools.Monitor object at 0x7fd5155fff98>, multiSample=False, name='window1', numSamples=2, pos=[360.0, 225.0], screen=0, size=array([2880, 1800]), stencilBits=0, stereo=False, units='norm', useFBO=True, useRetina=True, viewOri=0.0, viewPos=None, viewScale=None, waitBlanking=True, winType='pyglet')
20.4008 	EXP 	window1: mouseVisible = True
20.4009 	EXP 	window1: recordFrameIntervals = False
20.5978 	EXP 	window1: recordFrameIntervals = True
20.6775 	WARNING 	t of last frame was 29.66ms (=1/33)
20.7928 	WARNING 	t of last frame was 27.48ms (=1/36)
20.8364 	WARNING 	t of last frame was 25.27ms (=1/39)
20.8741 	WARNING 	t of last frame was 23.45ms (=1/42)
20.9051 	WARNING 	Multiple dropped frames have occurred - I'll stop bothering you about them!
22.5644 	WARNING 	Couldn't measure a consistent frame rate.
  - Is your graphics card set to sync to vertical blank?
  - Are you running other processes on your computer?

23.7710 	EXP 	Created ins = TextStim(__class__=<class 'psychopy.visual.text.TextStim'>, alignHoriz=method-wrapper(...), alignText='center', alignVert=method-wrapper(...), anchorHoriz='center', anchorVert='center', antialias=True, autoLog=True, bold=False, color=array([-1, -1, -1]), colorSpace='rgb', contrast=1.0, depth=-1.0, flipHoriz=False, flipVert=False, font='Open Sans', fontFiles=[], height=0.1, italic=False, languageStyle='LTR', name='ins', opacity=1, ori=0.0, pos=array([0., 0.]), rgb=UNKNOWN, text=str(...), units='norm', win=Window(...), wrapWidth=1.5)
23.7766 	EXP 	Created con1 = TextStim(__class__=<class 'psychopy.visual.text.TextStim'>, alignHoriz=method-wrapper(...), alignText='center', alignVert=method-wrapper(...), anchorHoriz='center', anchorVert='center', antialias=True, autoLog=True, bold=False, color=array([-1, -1, -1]), colorSpace='rgb', contrast=1.0, depth=-2.0, flipHoriz=False, flipVert=False, font='Open Sans', fontFiles=[], height=0.1, italic=False, languageStyle='LTR', name='con1', opacity=1, ori=0.0, pos=array([ 0. , -0.7]), rgb=UNKNOWN, text='Press the spacebar to continue.', units='norm', win=Window(...), wrapWidth=1)
23.7910 	EXP 	Created text = TextStim(__class__=<class 'psychopy.visual.text.TextStim'>, alignHoriz=method-wrapper(...), alignText='center', alignVert=method-wrapper(...), anchorHoriz='center', anchorVert='center', antialias=True, autoLog=True, bold=False, color=array([-1, -1, -1]), colorSpace='rgb', contrast=1.0, depth=0.0, flipHoriz=False, flipVert=False, font='Open Sans', fontFiles=[], height=0.1, italic=False, languageStyle='LTR', name='text', opacity=1, ori=0.0, pos=array([0., 0.]), rgb=UNKNOWN, text=str(...), units='norm', win=Window(...), wrapWidth=1.5)
24.3137 	EXP 	Created image = ImageStim(__class__=<class 'psychopy.visual.image.ImageStim'>, autoLog=True, color=array([1, 1, 1]), colorSpace='rgb', contrast=1.0, depth=0.0, flipHoriz=False, flipVert=False, image='sin', interpolate=True, mask=None, maskParams=None, name='image', opacity=1, ori=0.0, pos=array([0., 0.]), size=array([1. , 1.6]), texRes=128.0, units='norm', win=Window(...))
24.8178 	EXP 	Created text_3 = TextStim(__class__=<class 'psychopy.visual.text.TextStim'>, alignHoriz=method-wrapper(...), alignText='center', alignVert=method-wrapper(...), anchorHoriz='center', anchorVert='center', antialias=True, autoLog=True, bold=False, color=array([-1, -1, -1]), colorSpace='rgb', contrast=1.0, depth=0.0, flipHoriz=False, flipVert=False, font='Open Sans', fontFiles=[], height=0.1, italic=False, languageStyle='LTR', name='text_3', opacity=1, ori=0.0, pos=array([0., 0.]), rgb=UNKNOWN, text=str(...), units='norm', win=Window(...), wrapWidth=1.5)
25.3081 	EXP 	Created image_2 = ImageStim(__class__=<class 'psychopy.visual.image.ImageStim'>, autoLog=True, color=array([1, 1, 1]), colorSpace='rgb', contrast=1.0, depth=0.0, flipHoriz=False, flipVert=False, image='sin', interpolate=True, mask=None, maskParams=None, name='image_2', opacity=1, ori=0.0, pos=array([0., 0.]), size=array([1. , 1.6]), texRes=128.0, units='norm', win=Window(...))
26.2416 	EXP 	Created text_5 = TextStim(__class__=<class 'psychopy.visual.text.TextStim'>, alignHoriz=method-wrapper(...), alignText='center', alignVert=method-wrapper(...), anchorHoriz='center', anchorVert='center', antialias=True, autoLog=True, bold=False, color=array([-1, -1, -1]), colorSpace='rgb', contrast=1.0, depth=-1.0, flipHoriz=False, flipVert=False, font='Open Sans', fontFiles=[], height=0.1, italic=False, languageStyle='LTR', name='text_5', opacity=1, ori=0.0, pos=array([0., 0.]), rgb=UNKNOWN, text='', units='norm', win=Window(...), wrapWidth=1)
26.2555 	EXP 	Created text_6 = TextStim(__class__=<class 'psychopy.visual.text.TextStim'>, alignHoriz=method-wrapper(...), alignText='center', alignVert=method-wrapper(...), anchorHoriz='center', anchorVert='center', antialias=True, autoLog=True, bold=False, color=array([-1, -1, -1]), colorSpace='rgb', contrast=1.0, depth=-2.0, flipHoriz=False, flipVert=False, font='Open Sans', fontFiles=[], height=0.05, italic=False, languageStyle='LTR', name='text_6', opacity=1, ori=0.0, pos=array([ 0. , -0.7]), rgb=UNKNOWN, text='Press enter to continue to the next problem.', units='norm', win=Window(...), wrapWidth=1.5)
26.2748 	EXP 	Created text_2 = TextStim(__class__=<class 'psychopy.visual.text.TextStim'>, alignHoriz=method-wrapper(...), alignText='center', alignVert=method-wrapper(...), anchorHoriz='center', anchorVert='center', antialias=True, autoLog=True, bold=False, color=array([-1, -1, -1]), colorSpace='rgb', contrast=1.0, depth=0.0, flipHoriz=False, flipVert=False, font='Open Sans', fontFiles=[], height=0.1, italic=False, languageStyle='LTR', name='text_2', opacity=1, ori=0.0, pos=array([0., 0.]), rgb=UNKNOWN, text=str(...), units='norm', win=Window(...), wrapWidth=1.5)
26.7774 	DEBUG 	TextBox2 loaded 1 chars with 0 blanks and 1 valid
26.7781 	DEBUG 	TextBox2 loaded 1 chars with 0 blanks and 1 valid
26.7792 	DEBUG 	TextBox2 loaded 1 chars with 0 blanks and 1 valid
26.7797 	DEBUG 	TextBox2 loaded 1 chars with 0 blanks and 1 valid
26.7808 	DEBUG 	TextBox2 loaded 1 chars with 0 blanks and 1 valid
26.7820 	DEBUG 	TextBox2 loaded 1 chars with 0 blanks and 1 valid
26.7832 	DEBUG 	TextBox2 loaded 1 chars with 0 blanks and 1 valid
26.7843 	DEBUG 	TextBox2 loaded 1 chars with 0 blanks and 1 valid
26.7845 	DEBUG 	Uploading Texture Font fontname to graphics card
26.7893 	DEBUG 	Upload of Texture Font fontname complete
26.7896 	EXP 	window1: mouseVisible = True
27.2409 	EXP 	Created text_4 = TextStim(__class__=<class 'psychopy.visual.text.TextStim'>, alignHoriz=method-wrapper(...), alignText='center', alignVert=method-wrapper(...), anchorHoriz='center', anchorVert='center', antialias=True, autoLog=True, bold=False, color=array([-1, -1, -1]), colorSpace='rgb', contrast=1.0, depth=-3.0, flipHoriz=False, flipVert=False, font='Open Sans', fontFiles=[], height=0.1, italic=False, languageStyle='LTR', name='text_4', opacity=1, ori=0.0, pos=array([0. , 0.8]), rgb=UNKNOWN, text='Type your answers below. ', units='norm', win=Window(...), wrapWidth=1)
27.2723 	EXP 	textbox: autoLog = True
27.2723 	EXP 	ins: autoDraw = True
29.2624 	EXP 	con1: autoDraw = True
83.1326 	EXP 	ins: autoDraw = False
83.1326 	EXP 	con1: autoDraw = False
83.1326 	EXP 	text: autoDraw = True
83.1469 	DATA 	Keypress: space
258.9604 	DEBUG 	Read csv file with pandas: conditions.csv
258.9680 	DEBUG 	Clearing unnamed columns from conditions.csv
259.0583 	EXP 	Imported conditions.csv as conditions, 16 conditions, 3 params
259.0752 	EXP 	Created sequence: random, trialTypes=16, nReps=1, seed=None
259.0935 	EXP 	New trial (rep=0, index=0): OrderedDict([('concept', 'whale'), ('photo', 'whale1.jpg'), ('distractQ', '5 x 57 =')])
259.2432 	DATA 	Keypress: space
259.2648 	EXP 	text: autoDraw = False
259.2648 	EXP 	image: image = 'whale1.jpg'
259.2648 	EXP 	image: autoDraw = True
268.0697 	EXP 	New trial (rep=0, index=1): OrderedDict([('concept', 'bridge'), ('photo', 'bridge1.jpg'), ('distractQ', '94 x 64 =')])
268.0997 	DATA 	Keypress: space
268.1119 	EXP 	image: autoDraw = False
268.1119 	EXP 	image: image = 'bridge1.jpg'
268.1119 	EXP 	image: autoDraw = True
270.8280 	EXP 	New trial (rep=0, index=2): OrderedDict([('concept', 'cat'), ('photo', 'cat1.jpg'), ('distractQ', '77 x 21 =')])
270.8589 	DATA 	Keypress: space
270.8714 	EXP 	image: autoDraw = False
270.8714 	EXP 	image: image = 'cat1.jpg'
270.8714 	EXP 	image: autoDraw = True
285.7590 	EXP 	New trial (rep=0, index=3): OrderedDict([('concept', 'strawberries'), ('photo', 'strawberries4.jpg'), ('distractQ', '14 x 38 =')])
285.8024 	DATA 	Keypress: space
285.8174 	EXP 	image: autoDraw = False
285.8174 	EXP 	image: image = 'strawberries4.jpg'
285.8174 	EXP 	image: autoDraw = True
289.1590 	EXP 	New trial (rep=0, index=4): OrderedDict([('concept', 'apples'), ('photo', 'apples4.jpg'), ('distractQ', '68 x 47 =')])
289.1983 	DATA 	Keypress: space
289.2110 	EXP 	image: autoDraw = False
289.2110 	EXP 	image: image = 'apples4.jpg'
289.2110 	EXP 	image: autoDraw = True
292.9551 	EXP 	New trial (rep=0, index=5): OrderedDict([('concept', 'bear'), ('photo', 'bear1.jpg'), ('distractQ', '49 x 43 =')])
292.9812 	DATA 	Keypress: space
292.9936 	EXP 	image: autoDraw = False
292.9936 	EXP 	image: image = 'bear1.jpg'
292.9936 	EXP 	image: autoDraw = True
294.9143 	EXP 	New trial (rep=0, index=6): OrderedDict([('concept', 'chairs'), ('photo', 'chairs2.jpg'), ('distractQ', '13 x 47 =')])
294.9466 	DATA 	Keypress: space
294.9667 	EXP 	image: autoDraw = False
294.9667 	EXP 	image: image = 'chairs2.jpg'
294.9667 	EXP 	image: autoDraw = True
297.3354 	EXP 	New trial (rep=0, index=7): OrderedDict([('concept', 'turtle'), ('photo', 'turtle3.jpg'), ('distractQ', '80 x 11 =')])
297.3693 	DATA 	Keypress: space
297.3831 	EXP 	image: autoDraw = False
297.3831 	EXP 	image: image = 'turtle3.jpg'
297.3831 	EXP 	image: autoDraw = True
301.8210 	EXP 	New trial (rep=0, index=8): OrderedDict([('concept', 'phone'), ('photo', 'phone1.jpg'), ('distractQ', '86 x 12 =')])
301.8481 	DATA 	Keypress: space
301.8624 	EXP 	image: autoDraw = False
301.8624 	EXP 	image: image = 'phone1.jpg'
301.8624 	EXP 	image: autoDraw = True
306.0004 	EXP 	New trial (rep=0, index=9): OrderedDict([('concept', 'lion'), ('photo', 'lion1.jpg'), ('distractQ', '11 x 83 =')])
306.0277 	DATA 	Keypress: space
306.0401 	EXP 	image: autoDraw = False
306.0401 	EXP 	image: image = 'lion1.jpg'
306.0401 	EXP 	image: autoDraw = True
310.0642 	EXP 	New trial (rep=0, index=10): OrderedDict([('concept', 'rabbit'), ('photo', 'rabbit1.jpg'), ('distractQ', '25 x 88 =')])
310.0883 	DATA 	Keypress: space
310.1025 	EXP 	image: autoDraw = False
310.1025 	EXP 	image: image = 'rabbit1.jpg'
310.1025 	EXP 	image: autoDraw = True
315.0536 	EXP 	New trial (rep=0, index=11): OrderedDict([('concept', 'train'), ('photo', 'train1.jpg'), ('distractQ', '96 x 22 =')])
315.0842 	DATA 	Keypress: space
315.0968 	EXP 	image: autoDraw = False
315.0968 	EXP 	image: image = 'train1.jpg'
315.0968 	EXP 	image: autoDraw = True
319.7607 	EXP 	New trial (rep=0, index=12): OrderedDict([('concept', 'frog'), ('photo', 'frog1.jpg'), ('distractQ', '63 x 58 =')])
319.7894 	DATA 	Keypress: space
319.8039 	EXP 	image: autoDraw = False
319.8039 	EXP 	image: image = 'frog1.jpg'
319.8039 	EXP 	image: autoDraw = True
322.9713 	EXP 	New trial (rep=0, index=13): OrderedDict([('concept', 'carrots'), ('photo', 'carrots1.jpg'), ('distractQ', '44 x 4 =')])
322.9948 	DATA 	Keypress: space
323.0087 	EXP 	image: autoDraw = False
323.0087 	EXP 	image: image = 'carrots1.jpg'
323.0087 	EXP 	image: autoDraw = True
324.9665 	EXP 	New trial (rep=0, index=14): OrderedDict([('concept', 'tree'), ('photo', 'tree1.jpg'), ('distractQ', '9 x 54 =')])
324.9956 	DATA 	Keypress: space
325.0089 	EXP 	image: autoDraw = False
325.0089 	EXP 	image: image = 'tree1.jpg'
325.0089 	EXP 	image: autoDraw = True
326.3901 	EXP 	New trial (rep=0, index=15): OrderedDict([('concept', 'book'), ('photo', 'book1.jpg'), ('distractQ', '9 x 22 =')])
326.4217 	DATA 	Keypress: space
326.4339 	EXP 	image: autoDraw = False
326.4339 	EXP 	image: image = 'book1.jpg'
326.4339 	EXP 	image: autoDraw = True
328.5649 	DATA 	Keypress: space
328.5749 	EXP 	image: autoDraw = False
328.5749 	EXP 	text_3: autoDraw = True
386.7647 	DEBUG 	Read csv file with pandas: conditions.csv
386.7673 	DEBUG 	Clearing unnamed columns from conditions.csv
386.7695 	EXP 	Imported conditions.csv as conditions, 16 conditions, 3 params
386.7702 	EXP 	Created sequence: random, trialTypes=16, nReps=1, seed=None
386.7706 	EXP 	New trial (rep=0, index=0): OrderedDict([('concept', 'bench'), ('photo', 'bench1.jpg'), ('distractQ', '18 x 74 =')])
386.8046 	DATA 	Keypress: space
386.8180 	EXP 	text_3: autoDraw = False
386.8180 	EXP 	image_2: image = 'bench1.jpg'
386.8180 	EXP 	image_2: autoDraw = True
388.1484 	EXP 	New trial (rep=0, index=1): OrderedDict([('concept', 'leaves'), ('photo', 'leaves1.jpg'), ('distractQ', '87 x 7 =')])
388.1741 	DATA 	Keypress: space
388.1927 	EXP 	image_2: autoDraw = False
388.1927 	EXP 	image_2: image = 'leaves1.jpg'
388.1927 	EXP 	image_2: autoDraw = True
390.3943 	DATA 	Keypress: escape
391.0581 	EXP 	window1: mouseVisible = True
391.0583 	DEBUG 	Saving data for df_e1 ExperimentHandler
391.1541 	INFO 	saved data to /Users/rebeccalurie 1/Dropbox/grad/df/df_recallonly/data/_df_e1_2021_Mar_08_1311.psydat
391.1590 	INFO 	saved data to '/Users/rebeccalurie 1/Dropbox/grad/df/df_recallonly/data/_df_e1_2021_Mar_08_1311.csv'
