0.5013 	WARNING 	We strongly recommend you activate the PTB sound engine in PsychoPy prefs as the preferred audio engine. Its timing is vastly superior. Your prefs are currently set to use ['sounddevice', 'pyo', 'pygame'] (in that order).
7.0193 	INFO 	Loaded monitor calibration from ['2019_04_18 11:35']
8.0570 	EXP 	Created window1 = Window(allowGUI=False, allowStencil=False, autoLog=True, backendConf=UNKNOWN, bitsMode=UNKNOWN, blendMode='avg', bpc=(8, 8, 8), color=array([1, 1, 1]), colorSpace='rgb', depthBits=8, fullscr=<method-wrapper '__getattribute__' of attributeSetter object at 0x7faafdf96b70>, gamma=None, gammaErrorPolicy='raise', lms=UNKNOWN, monitor=<psychopy.monitors.calibTools.Monitor object at 0x7faafdd6bd68>, multiSample=False, name='window1', numSamples=2, pos=[360.0, 225.0], screen=0, size=array([2880, 1800]), stencilBits=0, stereo=False, units='norm', useFBO=True, useRetina=True, viewOri=0.0, viewPos=None, viewScale=None, waitBlanking=True, winType='pyglet')
8.0573 	EXP 	window1: mouseVisible = True
8.0574 	EXP 	window1: recordFrameIntervals = False
8.2242 	EXP 	window1: recordFrameIntervals = True
8.4078 	DEBUG 	Screen (0) actual frame rate measured at 59.95
8.4078 	EXP 	window1: recordFrameIntervals = False
9.3181 	EXP 	Created ins = TextStim(__class__=<class 'psychopy.visual.text.TextStim'>, alignHoriz=method-wrapper(...), alignText='center', alignVert=method-wrapper(...), anchorHoriz='center', anchorVert='center', antialias=True, autoLog=True, bold=False, color=array([-1, -1, -1]), colorSpace='rgb', contrast=1.0, depth=-1.0, flipHoriz=False, flipVert=False, font='Open Sans', fontFiles=[], height=0.1, italic=False, languageStyle='LTR', name='ins', opacity=1, ori=0.0, pos=array([0., 0.]), rgb=UNKNOWN, text=str(...), units='norm', win=Window(...), wrapWidth=1.5)
9.3228 	EXP 	Created con1 = TextStim(__class__=<class 'psychopy.visual.text.TextStim'>, alignHoriz=method-wrapper(...), alignText='center', alignVert=method-wrapper(...), anchorHoriz='center', anchorVert='center', antialias=True, autoLog=True, bold=False, color=array([-1, -1, -1]), colorSpace='rgb', contrast=1.0, depth=-2.0, flipHoriz=False, flipVert=False, font='Open Sans', fontFiles=[], height=0.1, italic=False, languageStyle='LTR', name='con1', opacity=1, ori=0.0, pos=array([ 0. , -0.7]), rgb=UNKNOWN, text='Press the spacebar to continue.', units='norm', win=Window(...), wrapWidth=1)
9.3357 	EXP 	Created text = TextStim(__class__=<class 'psychopy.visual.text.TextStim'>, alignHoriz=method-wrapper(...), alignText='center', alignVert=method-wrapper(...), anchorHoriz='center', anchorVert='center', antialias=True, autoLog=True, bold=False, color=array([-1, -1, -1]), colorSpace='rgb', contrast=1.0, depth=0.0, flipHoriz=False, flipVert=False, font='Open Sans', fontFiles=[], height=0.1, italic=False, languageStyle='LTR', name='text', opacity=1, ori=0.0, pos=array([0., 0.]), rgb=UNKNOWN, text=str(...), units='norm', win=Window(...), wrapWidth=1.5)
9.7891 	EXP 	Created text_3 = TextStim(__class__=<class 'psychopy.visual.text.TextStim'>, alignHoriz=method-wrapper(...), alignText='center', alignVert=method-wrapper(...), anchorHoriz='center', anchorVert='center', antialias=True, autoLog=True, bold=False, color=array([-1, -1, -1]), colorSpace='rgb', contrast=1.0, depth=0.0, flipHoriz=False, flipVert=False, font='Open Sans', fontFiles=[], height=0.1, italic=False, languageStyle='LTR', name='text_3', opacity=1, ori=0.0, pos=array([0., 0.]), rgb=UNKNOWN, text=str(...), units='norm', win=Window(...), wrapWidth=1.5)
10.5735 	EXP 	Created text_5 = TextStim(__class__=<class 'psychopy.visual.text.TextStim'>, alignHoriz=method-wrapper(...), alignText='center', alignVert=method-wrapper(...), anchorHoriz='center', anchorVert='center', antialias=True, autoLog=True, bold=False, color=array([-1, -1, -1]), colorSpace='rgb', contrast=1.0, depth=-1.0, flipHoriz=False, flipVert=False, font='Open Sans', fontFiles=[], height=0.1, italic=False, languageStyle='LTR', name='text_5', opacity=1, ori=0.0, pos=array([0., 0.]), rgb=UNKNOWN, text='', units='norm', win=Window(...), wrapWidth=1)
10.5779 	EXP 	Created text_6 = TextStim(__class__=<class 'psychopy.visual.text.TextStim'>, alignHoriz=method-wrapper(...), alignText='center', alignVert=method-wrapper(...), anchorHoriz='center', anchorVert='center', antialias=True, autoLog=True, bold=False, color=array([-1, -1, -1]), colorSpace='rgb', contrast=1.0, depth=-2.0, flipHoriz=False, flipVert=False, font='Open Sans', fontFiles=[], height=0.1, italic=False, languageStyle='LTR', name='text_6', opacity=1, ori=0.0, pos=array([ 0. , -0.5]), rgb=UNKNOWN, text='Press enter to continue to the next problem.', units='norm', win=Window(...), wrapWidth=1)
10.5914 	EXP 	Created text_2 = TextStim(__class__=<class 'psychopy.visual.text.TextStim'>, alignHoriz=method-wrapper(...), alignText='center', alignVert=method-wrapper(...), anchorHoriz='center', anchorVert='center', antialias=True, autoLog=True, bold=False, color=array([-1, -1, -1]), colorSpace='rgb', contrast=1.0, depth=0.0, flipHoriz=False, flipVert=False, font='Open Sans', fontFiles=[], height=0.1, italic=False, languageStyle='LTR', name='text_2', opacity=1, ori=0.0, pos=array([0., 0.]), rgb=UNKNOWN, text=str(...), units='norm', win=Window(...), wrapWidth=1.5)
10.9946 	DEBUG 	TextBox2 loaded 1 chars with 0 blanks and 1 valid
10.9952 	DEBUG 	TextBox2 loaded 1 chars with 0 blanks and 1 valid
10.9963 	DEBUG 	TextBox2 loaded 1 chars with 0 blanks and 1 valid
10.9967 	DEBUG 	TextBox2 loaded 1 chars with 0 blanks and 1 valid
10.9979 	DEBUG 	TextBox2 loaded 1 chars with 0 blanks and 1 valid
10.9988 	DEBUG 	TextBox2 loaded 1 chars with 0 blanks and 1 valid
10.9996 	DEBUG 	TextBox2 loaded 1 chars with 0 blanks and 1 valid
11.0004 	DEBUG 	TextBox2 loaded 1 chars with 0 blanks and 1 valid
11.0006 	DEBUG 	Uploading Texture Font fontname to graphics card
11.0048 	DEBUG 	Upload of Texture Font fontname complete
11.0050 	EXP 	window1: mouseVisible = True
11.4296 	EXP 	Created text_4 = TextStim(__class__=<class 'psychopy.visual.text.TextStim'>, alignHoriz=method-wrapper(...), alignText='center', alignVert=method-wrapper(...), anchorHoriz='center', anchorVert='center', antialias=True, autoLog=True, bold=False, color=array([-1, -1, -1]), colorSpace='rgb', contrast=1.0, depth=-3.0, flipHoriz=False, flipVert=False, font='Open Sans', fontFiles=[], height=0.1, italic=False, languageStyle='LTR', name='text_4', opacity=1, ori=0.0, pos=array([0. , 0.8]), rgb=UNKNOWN, text='Type your answers below. ', units='norm', win=Window(...), wrapWidth=1)
11.4495 	EXP 	textbox: autoLog = True
11.4495 	EXP 	ins: autoDraw = True
13.4406 	EXP 	con1: autoDraw = True
13.8658 	DATA 	Keypress: space
13.8777 	EXP 	ins: autoDraw = False
13.8777 	EXP 	con1: autoDraw = False
13.8777 	EXP 	text: autoDraw = True
15.5140 	DATA 	Keypress: space
17.3574 	DEBUG 	Read excel file with openpyxl: conditions.xlsx
17.3611 	EXP 	Imported conditions.xlsx as conditions, 16 conditions, 3 params
17.3616 	EXP 	Created sequence: random, trialTypes=16, nReps=1, seed=None
17.3620 	EXP 	New trial (rep=0, index=0): {'concept': 'bench', 'photo': 'bench1.jpg', 'distractQ': '18 x 74 ='}
17.3625 	EXP 	New trial (rep=0, index=1): {'concept': 'fox', 'photo': 'fox1.jpg', 'distractQ': '74 x 57 ='}
17.3629 	EXP 	New trial (rep=0, index=2): {'concept': 'bike', 'photo': 'bike3.jpg', 'distractQ': '25 x 17 ='}
17.3633 	EXP 	New trial (rep=0, index=3): {'concept': 'cat', 'photo': 'cat1.jpg', 'distractQ': '77 x 21 ='}
17.3637 	EXP 	New trial (rep=0, index=4): {'concept': 'grapes', 'photo': 'grapes1.jpg', 'distractQ': '37 x 63 ='}
17.3640 	EXP 	New trial (rep=0, index=5): {'concept': 'pie', 'photo': 'pie1.jpg', 'distractQ': '82 x 31 ='}
17.3644 	EXP 	New trial (rep=0, index=6): {'concept': 'carrots', 'photo': 'carrots1.jpg', 'distractQ': '44 x 4 ='}
17.3648 	EXP 	New trial (rep=0, index=7): {'concept': 'apples', 'photo': 'apples4.jpg', 'distractQ': '68 x 47 ='}
17.3654 	EXP 	New trial (rep=0, index=8): {'concept': 'bridge', 'photo': 'bridge1.jpg', 'distractQ': '94 x 64 ='}
17.3659 	EXP 	New trial (rep=0, index=9): {'concept': 'whale', 'photo': 'whale1.jpg', 'distractQ': '5 x 57 ='}
17.3663 	EXP 	New trial (rep=0, index=10): {'concept': 'leaves', 'photo': 'leaves1.jpg', 'distractQ': '87 x 7 ='}
17.3667 	EXP 	New trial (rep=0, index=11): {'concept': 'phone', 'photo': 'phone1.jpg', 'distractQ': '86 x 12 ='}
17.3671 	EXP 	New trial (rep=0, index=12): {'concept': 'frog', 'photo': 'frog1.jpg', 'distractQ': '63 x 58 ='}
17.3674 	EXP 	New trial (rep=0, index=13): {'concept': 'mouse', 'photo': 'mouse2.jpg', 'distractQ': '26 x 23 ='}
17.3678 	EXP 	New trial (rep=0, index=14): {'concept': 'book', 'photo': 'book1.jpg', 'distractQ': '9 x 22 ='}
17.3681 	EXP 	New trial (rep=0, index=15): {'concept': 'train', 'photo': 'train1.jpg', 'distractQ': '96 x 22 ='}
17.3713 	DATA 	Keypress: space
17.3804 	EXP 	text: autoDraw = False
17.3804 	EXP 	text_3: autoDraw = True
19.8448 	DEBUG 	Read excel file with openpyxl: conditions.xlsx
19.8488 	EXP 	Imported conditions.xlsx as conditions, 16 conditions, 3 params
19.8495 	EXP 	Created sequence: random, trialTypes=16, nReps=1, seed=None
19.8500 	EXP 	New trial (rep=0, index=0): {'concept': 'car', 'photo': 'car1.jpg', 'distractQ': '77 x 21 ='}
19.8505 	EXP 	New trial (rep=0, index=1): {'concept': 'fish', 'photo': 'fish3.jpg', 'distractQ': '16 x 12 ='}
19.8509 	EXP 	New trial (rep=0, index=2): {'concept': 'bear', 'photo': 'bear1.jpg', 'distractQ': '49 x 43 ='}
19.8513 	EXP 	New trial (rep=0, index=3): {'concept': 'tree', 'photo': 'tree1.jpg', 'distractQ': '9 x 54 ='}
19.8519 	EXP 	New trial (rep=0, index=4): {'concept': 'bird', 'photo': 'bird3.jpg', 'distractQ': '17 x 87 ='}
19.8524 	EXP 	New trial (rep=0, index=5): {'concept': 'chairs', 'photo': 'chairs2.jpg', 'distractQ': '13 x 47 ='}
19.8529 	EXP 	New trial (rep=0, index=6): {'concept': 'horse', 'photo': 'horse2.jpg', 'distractQ': '18 x 61 ='}
19.8538 	EXP 	New trial (rep=0, index=7): {'concept': 'lion', 'photo': 'lion1.jpg', 'distractQ': '11 x 83 ='}
19.8545 	EXP 	New trial (rep=0, index=8): {'concept': 'banana', 'photo': 'banana1.jpg', 'distractQ': '84 x 54 ='}
19.8551 	EXP 	New trial (rep=0, index=9): {'concept': 'rabbit', 'photo': 'rabbit1.jpg', 'distractQ': '25 x 88 ='}
19.8558 	EXP 	New trial (rep=0, index=10): {'concept': 'alligator', 'photo': 'alligator1.jpg', 'distractQ': '47 x 24 ='}
19.8562 	EXP 	New trial (rep=0, index=11): {'concept': 'elephant', 'photo': 'elephant3.jpg', 'distractQ': '51 x 65 ='}
19.8566 	EXP 	New trial (rep=0, index=12): {'concept': 'camel', 'photo': 'camel1.jpg', 'distractQ': '44 x 84 ='}
19.8571 	EXP 	New trial (rep=0, index=13): {'concept': 'strawberries', 'photo': 'strawberries4.jpg', 'distractQ': '14 x 38 ='}
19.8576 	EXP 	New trial (rep=0, index=14): {'concept': 'pineapple', 'photo': 'pineapple1.jpg', 'distractQ': '44 x 75 ='}
19.8579 	EXP 	New trial (rep=0, index=15): {'concept': 'turtle', 'photo': 'turtle3.jpg', 'distractQ': '80 x 11 ='}
19.8691 	DEBUG 	Read excel file with openpyxl: conditions.xlsx
19.8731 	EXP 	Imported conditions.xlsx as conditions, 32 conditions, 3 params
19.8738 	EXP 	Created sequence: random, trialTypes=32, nReps=1, seed=None
19.8743 	EXP 	New trial (rep=0, index=0): {'concept': 'carrots', 'photo': 'carrots1.jpg', 'distractQ': '44 x 4 ='}
19.8848 	DATA 	Keypress: space
19.8940 	EXP 	text_3: autoDraw = False
19.8940 	EXP 	text_5: text = '44 x 4 ='
19.8940 	EXP 	text_5: autoDraw = True
19.8940 	EXP 	text_6: autoDraw = True
143.5576 	EXP 	New trial (rep=0, index=1): {'concept': 'bear', 'photo': 'bear1.jpg', 'distractQ': '49 x 43 ='}
143.5723 	DATA 	Keypress: return
143.5819 	EXP 	text_5: autoDraw = False
143.5819 	EXP 	text_6: autoDraw = False
143.5819 	EXP 	text_5: text = '49 x 43 ='
143.5819 	EXP 	text_5: autoDraw = True
143.5819 	EXP 	text_6: autoDraw = True
144.9394 	EXP 	New trial (rep=0, index=2): {'concept': 'cat', 'photo': 'cat1.jpg', 'distractQ': '77 x 21 ='}
144.9522 	DATA 	Keypress: return
144.9600 	EXP 	text_5: autoDraw = False
144.9600 	EXP 	text_6: autoDraw = False
144.9600 	EXP 	text_5: text = '77 x 21 ='
144.9600 	EXP 	text_5: autoDraw = True
144.9600 	EXP 	text_6: autoDraw = True
145.8723 	EXP 	New trial (rep=0, index=3): {'concept': 'bird', 'photo': 'bird3.jpg', 'distractQ': '17 x 87 ='}
145.8808 	DATA 	Keypress: return
145.8912 	EXP 	text_5: autoDraw = False
145.8912 	EXP 	text_6: autoDraw = False
145.8912 	EXP 	text_5: text = '17 x 87 ='
145.8912 	EXP 	text_5: autoDraw = True
145.8912 	EXP 	text_6: autoDraw = True
215.9766 	DATA 	Keypress: escape
216.6230 	EXP 	window1: mouseVisible = True
216.6232 	DEBUG 	Saving data for df_e1 ExperimentHandler
216.6273 	INFO 	saved data to /Users/rebeccalurie 1/Dropbox/grad/df/df_recallonly/data/_df_e1_2021_Mar_08_1153.psydat
216.6338 	INFO 	saved data to '/Users/rebeccalurie 1/Dropbox/grad/df/df_recallonly/data/_df_e1_2021_Mar_08_1153.csv'
